💻 Detected 8 CPU cores
🛑 Killing any running Marathon Shell instances...

============================================
Marathon OS Incremental Build
============================================

🏗️  Building Marathon Shell and Apps...
============================================
Marathon OS Complete Build
============================================

Step 1/2: Building Marathon Shell...
----------------------------------------
Creating build directory...
-- The CXX compiler identification is GNU 15.2.1
-- Detecting CXX compiler ABI info
-- Detecting CXX compiler ABI info - done
-- Check for working CXX compiler: /usr/bin/c++ - skipped
-- Detecting CXX compile features
-- Detecting CXX compile features - done
-- Using system Qt6 at /usr/lib/cmake/Qt6
-- Performing Test CMAKE_HAVE_LIBC_PTHREAD
-- Performing Test CMAKE_HAVE_LIBC_PTHREAD - Success
-- Found Threads: TRUE
-- Performing Test HAVE_STDATOMIC
-- Performing Test HAVE_STDATOMIC - Success
-- Found WrapAtomic: TRUE
-- Found OpenGL: /usr/lib64/libOpenGL.so
-- Found WrapOpenGL: TRUE
-- Found WrapVulkanHeaders: /usr/include
-- Could NOT find Qt6WebEngineQuick (missing: Qt6WebEngineQuick_DIR)
CMake Warning at CMakeLists.txt:56 (find_package):
  Found package configuration file:

    /usr/lib64/cmake/Qt6/Qt6Config.cmake

  but it set Qt6_FOUND to FALSE so package "Qt6" is considered to be NOT
  FOUND.  Reason given by package:

  Failed to find required Qt component "WebEngineQuick".

  Expected Config file at
  "/usr/lib64/cmake/Qt6WebEngineQuick/Qt6WebEngineQuickConfig.cmake" does NOT
  exist



  Configuring with --debug-find-pkg=Qt6WebEngineQuick might reveal details
  why the package was not found.

  Configuring with -DQT_DEBUG_FIND_PACKAGE=ON will print the values of some
  of the path variables that find_package uses to try and find the package.



-- Qt WebEngineQuick not found - browser will use mockup UI
-- Found Wayland_Client: /usr/lib64/libwayland-client.so (found version "1.24.0")
-- Found Wayland_Server: /usr/lib64/libwayland-server.so (found version "1.24.0")
-- Found Wayland_Cursor: /usr/lib64/libwayland-cursor.so (found version "1.24.0")
-- Found Wayland_Egl: /usr/lib64/libwayland-egl.so (found version "18.1.0")
-- Found Wayland: /usr/lib64/libwayland-client.so;/usr/lib64/libwayland-server.so;/usr/lib64/libwayland-cursor.so;/usr/lib64/libwayland-egl.so (found suitable version "1.24.0", minimum required is "1.15")
-- Found WaylandScanner: /usr/bin/wayland-scanner
-- Qt WaylandCompositor found - enabling Wayland support
-- Could NOT find Qt6VirtualKeyboard (missing: Qt6VirtualKeyboard_DIR)
CMake Warning at CMakeLists.txt:74 (find_package):
  Found package configuration file:

    /usr/lib64/cmake/Qt6/Qt6Config.cmake

  but it set Qt6_FOUND to FALSE so package "Qt6" is considered to be NOT
  FOUND.  Reason given by package:

  Failed to find required Qt component "VirtualKeyboard".

  Expected Config file at
  "/usr/lib64/cmake/Qt6VirtualKeyboard/Qt6VirtualKeyboardConfig.cmake" does
  NOT exist



  Configuring with --debug-find-pkg=Qt6VirtualKeyboard might reveal details
  why the package was not found.

  Configuring with -DQT_DEBUG_FIND_PACKAGE=ON will print the values of some
  of the path variables that find_package uses to try and find the package.



-- Qt VirtualKeyboard not found - keyboard support disabled
CMake Warning (dev) at /usr/lib64/cmake/Qt6Core/Qt6CoreMacros.cmake:3424 (message):
  Qt policy QTP0001 is not set: ':/qt/qml/' is the default resource prefix
  for QML modules.  Check https://doc.qt.io/qt-6/qt-cmake-policy-qtp0001.html
  for policy details.  Use the qt_policy command to set the policy and
  suppress this warning.

Call Stack (most recent call first):
  /usr/lib64/cmake/Qt6Qml/Qt6QmlMacros.cmake:740 (__qt_internal_setup_policy)
  shell/CMakeLists.txt:208 (qt6_add_qml_module)
This warning is for project developers.  Use -Wno-dev to suppress it.

CMake Warning at /usr/lib64/cmake/Qt6Qml/Qt6QmlMacros.cmake:3552 (message):
  Only .qml, .js or .mjs files should be added with QML_FILES.  The following
  files should be added

  with RESOURCES:

      qml/MarathonUI/Theme/qmldir
      qml/MarathonUI/Core/qmldir
      qml/MarathonUI/Controls/qmldir
      qml/MarathonUI/Containers/qmldir
      qml/MarathonUI/Lists/qmldir
      qml/MarathonUI/Feedback/qmldir
      qml/MarathonUI/Navigation/qmldir
Call Stack (most recent call first):
  /usr/lib64/cmake/Qt6Qml/Qt6QmlMacros.cmake:951 (qt6_target_qml_sources)
  shell/CMakeLists.txt:208 (qt6_add_qml_module)


CMake Warning (dev) at /usr/lib64/cmake/Qt6Core/Qt6CoreMacros.cmake:3424 (message):
  Qt policy QTP0004 is not set: You need qmldir files for each extra
  directory that contains .qml files for your module.  Check
  https://doc.qt.io/qt-6/qt-cmake-policy-qtp0004.html for policy details.
  Use the qt_policy command to set the policy and suppress this warning.

Call Stack (most recent call first):
  /usr/lib64/cmake/Qt6Qml/Qt6QmlMacros.cmake:3645 (__qt_internal_setup_policy)
  /usr/lib64/cmake/Qt6Qml/Qt6QmlMacros.cmake:951 (qt6_target_qml_sources)
  shell/CMakeLists.txt:208 (qt6_add_qml_module)
This warning is for project developers.  Use -Wno-dev to suppress it.

CMake Warning (dev) at /usr/lib64/cmake/Qt6Core/Qt6CoreMacros.cmake:3424 (message):
  Qt policy QTP0001 is not set: ':/qt/qml/' is the default resource prefix
  for QML modules.  Check https://doc.qt.io/qt-6/qt-cmake-policy-qtp0001.html
  for policy details.  Use the qt_policy command to set the policy and
  suppress this warning.

Call Stack (most recent call first):
  /usr/lib64/cmake/Qt6Qml/Qt6QmlMacros.cmake:740 (__qt_internal_setup_policy)
  shell/CMakeLists.txt:218 (qt6_add_qml_module)
This warning is for project developers.  Use -Wno-dev to suppress it.

CMake Warning (dev) at /usr/lib64/cmake/Qt6Core/Qt6CoreMacros.cmake:3424 (message):
  Qt policy QTP0004 is not set: You need qmldir files for each extra
  directory that contains .qml files for your module.  Check
  https://doc.qt.io/qt-6/qt-cmake-policy-qtp0004.html for policy details.
  Use the qt_policy command to set the policy and suppress this warning.

Call Stack (most recent call first):
  /usr/lib64/cmake/Qt6Qml/Qt6QmlMacros.cmake:3645 (__qt_internal_setup_policy)
  /usr/lib64/cmake/Qt6Qml/Qt6QmlMacros.cmake:951 (qt6_target_qml_sources)
  shell/CMakeLists.txt:218 (qt6_add_qml_module)
This warning is for project developers.  Use -Wno-dev to suppress it.

CMake Warning (dev) at /usr/lib64/cmake/Qt6Core/Qt6CoreMacros.cmake:3424 (message):
  Qt policy QTP0001 is not set: ':/qt/qml/' is the default resource prefix
  for QML modules.  Check https://doc.qt.io/qt-6/qt-cmake-policy-qtp0001.html
  for policy details.  Use the qt_policy command to set the policy and
  suppress this warning.

Call Stack (most recent call first):
  /usr/lib64/cmake/Qt6Qml/Qt6QmlMacros.cmake:740 (__qt_internal_setup_policy)
  shell/CMakeLists.txt:231 (qt6_add_qml_module)
This warning is for project developers.  Use -Wno-dev to suppress it.

CMake Warning (dev) at /usr/lib64/cmake/Qt6Core/Qt6CoreMacros.cmake:3424 (message):
  Qt policy QTP0004 is not set: You need qmldir files for each extra
  directory that contains .qml files for your module.  Check
  https://doc.qt.io/qt-6/qt-cmake-policy-qtp0004.html for policy details.
  Use the qt_policy command to set the policy and suppress this warning.

Call Stack (most recent call first):
  /usr/lib64/cmake/Qt6Qml/Qt6QmlMacros.cmake:3645 (__qt_internal_setup_policy)
  /usr/lib64/cmake/Qt6Qml/Qt6QmlMacros.cmake:951 (qt6_target_qml_sources)
  shell/CMakeLists.txt:231 (qt6_add_qml_module)
This warning is for project developers.  Use -Wno-dev to suppress it.

CMake Warning (dev) at /usr/lib64/cmake/Qt6Core/Qt6CoreMacros.cmake:3424 (message):
  Qt policy QTP0001 is not set: ':/qt/qml/' is the default resource prefix
  for QML modules.  Check https://doc.qt.io/qt-6/qt-cmake-policy-qtp0001.html
  for policy details.  Use the qt_policy command to set the policy and
  suppress this warning.

Call Stack (most recent call first):
  /usr/lib64/cmake/Qt6Qml/Qt6QmlMacros.cmake:740 (__qt_internal_setup_policy)
  shell/CMakeLists.txt:245 (qt6_add_qml_module)
This warning is for project developers.  Use -Wno-dev to suppress it.

CMake Warning (dev) at /usr/lib64/cmake/Qt6Core/Qt6CoreMacros.cmake:3424 (message):
  Qt policy QTP0004 is not set: You need qmldir files for each extra
  directory that contains .qml files for your module.  Check
  https://doc.qt.io/qt-6/qt-cmake-policy-qtp0004.html for policy details.
  Use the qt_policy command to set the policy and suppress this warning.

Call Stack (most recent call first):
  /usr/lib64/cmake/Qt6Qml/Qt6QmlMacros.cmake:3645 (__qt_internal_setup_policy)
  /usr/lib64/cmake/Qt6Qml/Qt6QmlMacros.cmake:951 (qt6_target_qml_sources)
  shell/CMakeLists.txt:245 (qt6_add_qml_module)
This warning is for project developers.  Use -Wno-dev to suppress it.

CMake Warning (dev) at /usr/lib64/cmake/Qt6Core/Qt6CoreMacros.cmake:3424 (message):
  Qt policy QTP0001 is not set: ':/qt/qml/' is the default resource prefix
  for QML modules.  Check https://doc.qt.io/qt-6/qt-cmake-policy-qtp0001.html
  for policy details.  Use the qt_policy command to set the policy and
  suppress this warning.

Call Stack (most recent call first):
  /usr/lib64/cmake/Qt6Qml/Qt6QmlMacros.cmake:740 (__qt_internal_setup_policy)
  shell/CMakeLists.txt:262 (qt6_add_qml_module)
This warning is for project developers.  Use -Wno-dev to suppress it.

CMake Warning (dev) at /usr/lib64/cmake/Qt6Core/Qt6CoreMacros.cmake:3424 (message):
  Qt policy QTP0004 is not set: You need qmldir files for each extra
  directory that contains .qml files for your module.  Check
  https://doc.qt.io/qt-6/qt-cmake-policy-qtp0004.html for policy details.
  Use the qt_policy command to set the policy and suppress this warning.

Call Stack (most recent call first):
  /usr/lib64/cmake/Qt6Qml/Qt6QmlMacros.cmake:3645 (__qt_internal_setup_policy)
  /usr/lib64/cmake/Qt6Qml/Qt6QmlMacros.cmake:951 (qt6_target_qml_sources)
  shell/CMakeLists.txt:262 (qt6_add_qml_module)
This warning is for project developers.  Use -Wno-dev to suppress it.

CMake Warning (dev) at /usr/lib64/cmake/Qt6Core/Qt6CoreMacros.cmake:3424 (message):
  Qt policy QTP0001 is not set: ':/qt/qml/' is the default resource prefix
  for QML modules.  Check https://doc.qt.io/qt-6/qt-cmake-policy-qtp0001.html
  for policy details.  Use the qt_policy command to set the policy and
  suppress this warning.

Call Stack (most recent call first):
  /usr/lib64/cmake/Qt6Qml/Qt6QmlMacros.cmake:740 (__qt_internal_setup_policy)
  shell/CMakeLists.txt:272 (qt6_add_qml_module)
This warning is for project developers.  Use -Wno-dev to suppress it.

CMake Warning (dev) at /usr/lib64/cmake/Qt6Core/Qt6CoreMacros.cmake:3424 (message):
  Qt policy QTP0004 is not set: You need qmldir files for each extra
  directory that contains .qml files for your module.  Check
  https://doc.qt.io/qt-6/qt-cmake-policy-qtp0004.html for policy details.
  Use the qt_policy command to set the policy and suppress this warning.

Call Stack (most recent call first):
  /usr/lib64/cmake/Qt6Qml/Qt6QmlMacros.cmake:3645 (__qt_internal_setup_policy)
  /usr/lib64/cmake/Qt6Qml/Qt6QmlMacros.cmake:951 (qt6_target_qml_sources)
  shell/CMakeLists.txt:272 (qt6_add_qml_module)
This warning is for project developers.  Use -Wno-dev to suppress it.

CMake Warning (dev) at /usr/lib64/cmake/Qt6Core/Qt6CoreMacros.cmake:3424 (message):
  Qt policy QTP0001 is not set: ':/qt/qml/' is the default resource prefix
  for QML modules.  Check https://doc.qt.io/qt-6/qt-cmake-policy-qtp0001.html
  for policy details.  Use the qt_policy command to set the policy and
  suppress this warning.

Call Stack (most recent call first):
  /usr/lib64/cmake/Qt6Qml/Qt6QmlMacros.cmake:740 (__qt_internal_setup_policy)
  shell/CMakeLists.txt:282 (qt6_add_qml_module)
This warning is for project developers.  Use -Wno-dev to suppress it.

CMake Warning (dev) at /usr/lib64/cmake/Qt6Core/Qt6CoreMacros.cmake:3424 (message):
  Qt policy QTP0004 is not set: You need qmldir files for each extra
  directory that contains .qml files for your module.  Check
  https://doc.qt.io/qt-6/qt-cmake-policy-qtp0004.html for policy details.
  Use the qt_policy command to set the policy and suppress this warning.

Call Stack (most recent call first):
  /usr/lib64/cmake/Qt6Qml/Qt6QmlMacros.cmake:3645 (__qt_internal_setup_policy)
  /usr/lib64/cmake/Qt6Qml/Qt6QmlMacros.cmake:951 (qt6_target_qml_sources)
  shell/CMakeLists.txt:282 (qt6_add_qml_module)
This warning is for project developers.  Use -Wno-dev to suppress it.

CMake Warning (dev) at /usr/lib64/cmake/Qt6Core/Qt6CoreMacros.cmake:3424 (message):
  Qt policy QTP0001 is not set: ':/qt/qml/' is the default resource prefix
  for QML modules.  Check https://doc.qt.io/qt-6/qt-cmake-policy-qtp0001.html
  for policy details.  Use the qt_policy command to set the policy and
  suppress this warning.

Call Stack (most recent call first):
  /usr/lib64/cmake/Qt6Qml/Qt6QmlMacros.cmake:740 (__qt_internal_setup_policy)
  shell/CMakeLists.txt:295 (qt6_add_qml_module)
This warning is for project developers.  Use -Wno-dev to suppress it.

CMake Warning (dev) at /usr/lib64/cmake/Qt6Core/Qt6CoreMacros.cmake:3424 (message):
  Qt policy QTP0004 is not set: You need qmldir files for each extra
  directory that contains .qml files for your module.  Check
  https://doc.qt.io/qt-6/qt-cmake-policy-qtp0004.html for policy details.
  Use the qt_policy command to set the policy and suppress this warning.

Call Stack (most recent call first):
  /usr/lib64/cmake/Qt6Qml/Qt6QmlMacros.cmake:3645 (__qt_internal_setup_policy)
  /usr/lib64/cmake/Qt6Qml/Qt6QmlMacros.cmake:951 (qt6_target_qml_sources)
  shell/CMakeLists.txt:295 (qt6_add_qml_module)
This warning is for project developers.  Use -Wno-dev to suppress it.

CMake Warning (dev) at /usr/lib64/cmake/Qt6Core/Qt6CoreMacros.cmake:3424 (message):
  Qt policy QTP0001 is not set: ':/qt/qml/' is the default resource prefix
  for QML modules.  Check https://doc.qt.io/qt-6/qt-cmake-policy-qtp0001.html
  for policy details.  Use the qt_policy command to set the policy and
  suppress this warning.

Call Stack (most recent call first):
  /usr/lib64/cmake/Qt6Qml/Qt6QmlMacros.cmake:740 (__qt_internal_setup_policy)
  shell/CMakeLists.txt:306 (qt6_add_qml_module)
This warning is for project developers.  Use -Wno-dev to suppress it.

CMake Warning (dev) at /usr/lib64/cmake/Qt6Core/Qt6CoreMacros.cmake:3424 (message):
  Qt policy QTP0004 is not set: You need qmldir files for each extra
  directory that contains .qml files for your module.  Check
  https://doc.qt.io/qt-6/qt-cmake-policy-qtp0004.html for policy details.
  Use the qt_policy command to set the policy and suppress this warning.

Call Stack (most recent call first):
  /usr/lib64/cmake/Qt6Qml/Qt6QmlMacros.cmake:3645 (__qt_internal_setup_policy)
  /usr/lib64/cmake/Qt6Qml/Qt6QmlMacros.cmake:951 (qt6_target_qml_sources)
  shell/CMakeLists.txt:306 (qt6_add_qml_module)
This warning is for project developers.  Use -Wno-dev to suppress it.

CMake Warning (dev) at /usr/lib64/cmake/Qt6Core/Qt6CoreMacros.cmake:3424 (message):
  Qt policy QTP0001 is not set: ':/qt/qml/' is the default resource prefix
  for QML modules.  Check https://doc.qt.io/qt-6/qt-cmake-policy-qtp0001.html
  for policy details.  Use the qt_policy command to set the policy and
  suppress this warning.

Call Stack (most recent call first):
  /usr/lib64/cmake/Qt6Qml/Qt6QmlMacros.cmake:740 (__qt_internal_setup_policy)
  shell/CMakeLists.txt:317 (qt6_add_qml_module)
This warning is for project developers.  Use -Wno-dev to suppress it.

CMake Warning (dev) at /usr/lib64/cmake/Qt6Core/Qt6CoreMacros.cmake:3424 (message):
  Qt policy QTP0004 is not set: You need qmldir files for each extra
  directory that contains .qml files for your module.  Check
  https://doc.qt.io/qt-6/qt-cmake-policy-qtp0004.html for policy details.
  Use the qt_policy command to set the policy and suppress this warning.

Call Stack (most recent call first):
  /usr/lib64/cmake/Qt6Qml/Qt6QmlMacros.cmake:3645 (__qt_internal_setup_policy)
  /usr/lib64/cmake/Qt6Qml/Qt6QmlMacros.cmake:951 (qt6_target_qml_sources)
  shell/CMakeLists.txt:317 (qt6_add_qml_module)
This warning is for project developers.  Use -Wno-dev to suppress it.

CMake Warning (dev) at /usr/lib64/cmake/Qt6Core/Qt6CoreMacros.cmake:3424 (message):
  Qt policy QTP0004 is not set: You need qmldir files for each extra
  directory that contains .qml files for your module.  Check
  https://doc.qt.io/qt-6/qt-cmake-policy-qtp0004.html for policy details.
  Use the qt_policy command to set the policy and suppress this warning.

Call Stack (most recent call first):
  /usr/lib64/cmake/Qt6Qml/Qt6QmlMacros.cmake:3645 (__qt_internal_setup_policy)
  shell/CMakeLists.txt:328 (qt6_target_qml_sources)
This warning is for project developers.  Use -Wno-dev to suppress it.

-- === Marathon OS ===
-- Qt version: 6.9.2
-- Build type: Release
-- ==================
-- Configuring done (2.0s)
-- Generating done (0.2s)
-- Build files have been written to: /home/patrickquinn/Developer/Marathon-Shell/build
[1/480] Copying marathon-ui-theme qml sources into build dir
[2/480] Copying marathon-ui-theme qml resources into build dir
[3/480] Copying marathon-ui-containers qml sources into build dir
[4/480] Copying marathon-ui-containers qml resources into build dir
[5/480] Copying marathon-ui-controls qml sources into build dir
[6/480] Copying marathon-ui-lists qml sources into build dir
[7/480] Copying marathon-ui-core qml resources into build dir
[8/480] Copying marathon-ui-core qml sources into build dir
[9/480] Copying marathon-ui-controls qml resources into build dir
[10/480] Copying marathon-ui-lists qml resources into build dir
[11/480] Copying marathon-ui-navigation qml resources into build dir
[12/480] Copying marathon-ui-feedback qml sources into build dir
[13/480] Copying marathon-ui-feedback qml resources into build dir
[14/480] Copying marathon-ui-modals qml sources into build dir
[15/480] Copying marathon-ui-effects qml sources into build dir
[16/480] Copying marathon-ui-navigation qml sources into build dir
[17/480] Copying marathon-ui-effects qml resources into build dir
[18/480] Copying marathon-shell qml resources into build dir
[19/480] Copying marathon-ui-modals qml resources into build dir
[20/480] Automatic MOC and UIC for target marathon-ui-lists
[21/480] Automatic MOC and UIC for target marathon-ui-containers
[22/480] Automatic MOC and UIC for target marathon-ui-feedback
[23/480] Automatic MOC and UIC for target marathon-ui-core
[24/480] Automatic MOC and UIC for target marathon-ui-controls
[25/480] Automatic MOC and UIC for target marathon-ui-navigation
[26/480] Running AUTOMOC file extraction for target marathon-ui-controls
[27/480] Running AUTOMOC file extraction for target marathon-ui-containers
[28/480] Running AUTOMOC file extraction for target marathon-ui-core
[29/480] Running AUTOMOC file extraction for target marathon-ui-lists
[30/480] Running AUTOMOC file extraction for target marathon-ui-navigation
[31/480] Automatic MOC and UIC for target marathon-ui-theme
[32/480] Running AUTOMOC file extraction for target marathon-ui-feedback
[33/480] Running AUTOMOC file extraction for target marathon-ui-theme
[34/480] Running moc --collect-json for target marathon-ui-core
[35/480] Running moc --collect-json for target marathon-ui-containers
[36/480] Running moc --collect-json for target marathon-ui-controls
[37/480] Running moc --collect-json for target marathon-ui-theme
[38/480] Running moc --collect-json for target marathon-ui-lists
[39/480] Automatic MOC and UIC for target marathon-ui-effects
[40/480] Running moc --collect-json for target marathon-ui-navigation
[41/480] Running moc --collect-json for target marathon-ui-feedback
[42/480] Automatic MOC and UIC for target marathon-ui-modals
[43/480] Running AUTOMOC file extraction for target marathon-ui-modals
[44/480] Copying marathon-shell qml sources into build dir
[45/480] Running AUTOMOC file extraction for target marathon-ui-effects
[46/480] Running moc --collect-json for target marathon-ui-modals
[47/480] Running moc --collect-json for target marathon-ui-effects
[48/480] Automatic QML type registration for target marathon-ui-containers
[49/480] Running qmlimportscanner for marathon-shell
[50/480] Automatic QML type registration for target marathon-ui-theme
[51/480] Automatic QML type registration for target marathon-ui-core
[52/480] Automatic QML type registration for target marathon-ui-controls
[53/480] Automatic QML type registration for target marathon-ui-lists
[54/480] Running rcc for resource qmake_MarathonUI_Theme
[55/480] Automatic QML type registration for target marathon-ui-feedback
[56/480] Automatic QML type registration for target marathon-ui-navigation
[57/480] Automatic QML type registration for target marathon-ui-modals
[58/480] Generating .rcc/qmlcache/marathon-ui-theme_qmlcache_loader.cpp
[59/480] Running rcc for resource marathon-ui-theme_raw_qml_0
[60/480] Automatic QML type registration for target marathon-ui-effects
[61/480] Running rcc for resource qmake_MarathonUI_Containers
[62/480] Generating .rcc/qmlcache/marathon-ui-theme_qml/MarathonUI/Theme/MTypography_qml.cpp, .rcc/qmlcache/marathon-ui-theme_qml/MarathonUI/Theme/MTypography_qml.cpp.aotstats
[63/480] Generating .rcc/qmlcache/marathon-ui-theme_qml/MarathonUI/Theme/MColors_qml.cpp, .rcc/qmlcache/marathon-ui-theme_qml/MarathonUI/Theme/MColors_qml.cpp.aotstats
[64/480] Generating .rcc/qmlcache/marathon-ui-theme_qml/MarathonUI/Theme/MSpacing_qml.cpp, .rcc/qmlcache/marathon-ui-theme_qml/MarathonUI/Theme/MSpacing_qml.cpp.aotstats
[65/480] Generating .rcc/qmlcache/marathon-ui-theme_qml/MarathonUI/Theme/MRadius_qml.cpp, .rcc/qmlcache/marathon-ui-theme_qml/MarathonUI/Theme/MRadius_qml.cpp.aotstats
[66/480] Generating .rcc/qmlcache/marathon-ui-containers_qmlcache_loader.cpp
[67/480] Generating .rcc/qmlcache/marathon-ui-theme_qml/MarathonUI/Theme/MElevation_qml.cpp, .rcc/qmlcache/marathon-ui-theme_qml/MarathonUI/Theme/MElevation_qml.cpp.aotstats
[68/480] Running rcc for resource marathon-ui-containers_raw_qml_0
[69/480] Generating .rcc/qmlcache/marathon-ui-containers_qml/MarathonUI/Containers/MSection_qml.cpp, .rcc/qmlcache/marathon-ui-containers_qml/MarathonUI/Containers/MSection_qml.cpp.aotstats
[70/480] Generating .rcc/qmlcache/marathon-ui-containers_qml/MarathonUI/Containers/MCard_qml.cpp, .rcc/qmlcache/marathon-ui-containers_qml/MarathonUI/Containers/MCard_qml.cpp.aotstats
[71/480] Running rcc for resource qmake_MarathonUI_Core
[72/480] Running rcc for resource marathon-ui-containers_raw_qml_1
[73/480] Generating .rcc/qmlcache/marathon-ui-containers_qml/MarathonUI/Containers/MListItem_qml.cpp, .rcc/qmlcache/marathon-ui-containers_qml/MarathonUI/Containers/MListItem_qml.cpp.aotstats
[74/480] Generating .rcc/qmlcache/marathon-ui-containers_qml/MarathonUI/Containers/MApp_qml.cpp, .rcc/qmlcache/marathon-ui-containers_qml/MarathonUI/Containers/MApp_qml.cpp.aotstats
[75/480] Generating .rcc/qmlcache/marathon-ui-containers_qml/MarathonUI/Containers/MPage_qml.cpp, .rcc/qmlcache/marathon-ui-containers_qml/MarathonUI/Containers/MPage_qml.cpp.aotstats
[76/480] Generating .rcc/qmlcache/marathon-ui-core_qmlcache_loader.cpp
[77/480] Generating .rcc/qmlcache/marathon-ui-containers_qml/MarathonUI/Containers/MLayer_qml.cpp, .rcc/qmlcache/marathon-ui-containers_qml/MarathonUI/Containers/MLayer_qml.cpp.aotstats
[78/480] Generating .rcc/qmlcache/marathon-ui-containers_qml/MarathonUI/Containers/MScrollView_qml.cpp
[79/480] Generating .rcc/qmlcache/marathon-ui-core_qml/MarathonUI/Core/MIconButton_qml.cpp, .rcc/qmlcache/marathon-ui-core_qml/MarathonUI/Core/MIconButton_qml.cpp.aotstats
[80/480] Generating .rcc/qmlcache/marathon-ui-core_qml/MarathonUI/Core/MLabel_qml.cpp, .rcc/qmlcache/marathon-ui-core_qml/MarathonUI/Core/MLabel_qml.cpp.aotstats
[81/480] Generating .rcc/qmlcache/marathon-ui-core_qml/MarathonUI/Core/MButton_qml.cpp, .rcc/qmlcache/marathon-ui-core_qml/MarathonUI/Core/MButton_qml.cpp.aotstats
[82/480] Generating .rcc/qmlcache/marathon-ui-core_qml/MarathonUI/Core/MTextInput_qml.cpp, .rcc/qmlcache/marathon-ui-core_qml/MarathonUI/Core/MTextInput_qml.cpp.aotstats
[83/480] Running rcc for resource qmake_MarathonUI_Controls
[84/480] Generating .rcc/qmlcache/marathon-ui-core_qml/MarathonUI/Core/MTextArea_qml.cpp, .rcc/qmlcache/marathon-ui-core_qml/MarathonUI/Core/MTextArea_qml.cpp.aotstats
[85/480] Running rcc for resource marathon-ui-core_raw_qml_0
[86/480] Generating .rcc/qmlcache/marathon-ui-core_qml/MarathonUI/Core/MDropDown_qml.cpp, .rcc/qmlcache/marathon-ui-core_qml/MarathonUI/Core/MDropDown_qml.cpp.aotstats
[87/480] Running rcc for resource marathon-ui-controls_raw_qml_0
[88/480] Running rcc for resource qmake_MarathonUI_Lists
[89/480] Generating .rcc/qmlcache/marathon-ui-controls_qmlcache_loader.cpp
[90/480] Generating .rcc/qmlcache/marathon-ui-core_qml/MarathonUI/Core/MDateTimePicker_qml.cpp, .rcc/qmlcache/marathon-ui-core_qml/MarathonUI/Core/MDateTimePicker_qml.cpp.aotstats
[91/480] Generating .rcc/qmlcache/marathon-ui-lists_qmlcache_loader.cpp
[92/480] Running rcc for resource marathon-ui-lists_raw_qml_0
[93/480] Generating .rcc/qmlcache/marathon-ui-core_qml/MarathonUI/Core/MImageButton_qml.cpp, .rcc/qmlcache/marathon-ui-core_qml/MarathonUI/Core/MImageButton_qml.cpp.aotstats
[94/480] Generating .rcc/qmlcache/marathon-ui-core_qml/MarathonUI/Core/MRadioButton_qml.cpp, .rcc/qmlcache/marathon-ui-core_qml/MarathonUI/Core/MRadioButton_qml.cpp.aotstats
[95/480] Running rcc for resource qmake_MarathonUI_Navigation
[96/480] Generating .rcc/qmlcache/marathon-ui-controls_qml/MarathonUI/Controls/MSlider_qml.cpp, .rcc/qmlcache/marathon-ui-controls_qml/MarathonUI/Controls/MSlider_qml.cpp.aotstats
[97/480] Generating .rcc/qmlcache/marathon-ui-navigation_qmlcache_loader.cpp
[98/480] Generating .rcc/qmlcache/marathon-ui-controls_qml/MarathonUI/Controls/MToggle_qml.cpp, .rcc/qmlcache/marathon-ui-controls_qml/MarathonUI/Controls/MToggle_qml.cpp.aotstats
[99/480] Generating .rcc/qmlcache/marathon-ui-lists_qml/MarathonUI/Lists/MDivider_qml.cpp, .rcc/qmlcache/marathon-ui-lists_qml/MarathonUI/Lists/MDivider_qml.cpp.aotstats
[100/480] Running rcc for resource marathon-ui-navigation_raw_qml_0
[101/480] Generating .rcc/qmlcache/marathon-ui-lists_qml/MarathonUI/Lists/MSectionHeader_qml.cpp, .rcc/qmlcache/marathon-ui-lists_qml/MarathonUI/Lists/MSectionHeader_qml.cpp.aotstats
[102/480] Running rcc for resource qmake_MarathonUI_Feedback
[103/480] Generating .rcc/qmlcache/marathon-ui-navigation_qml/MarathonUI/Navigation/MBottomBar_qml.cpp, .rcc/qmlcache/marathon-ui-navigation_qml/MarathonUI/Navigation/MBottomBar_qml.cpp.aotstats
[104/480] Generating .rcc/qmlcache/marathon-ui-navigation_qml/MarathonUI/Navigation/MTopBar_qml.cpp, .rcc/qmlcache/marathon-ui-navigation_qml/MarathonUI/Navigation/MTopBar_qml.cpp.aotstats
[105/480] Generating .rcc/qmlcache/marathon-ui-navigation_qml/MarathonUI/Navigation/MActionBar_qml.cpp, .rcc/qmlcache/marathon-ui-navigation_qml/MarathonUI/Navigation/MActionBar_qml.cpp.aotstats
[106/480] Running rcc for resource marathon-ui-feedback_raw_qml_0
[107/480] Generating .rcc/qmlcache/marathon-ui-feedback_qmlcache_loader.cpp
[108/480] Running rcc for resource qmake_MarathonUI_Modals
[109/480] Generating .rcc/qmlcache/marathon-ui-navigation_qml/MarathonUI/Navigation/MNavigationPane_qml.cpp, .rcc/qmlcache/marathon-ui-navigation_qml/MarathonUI/Navigation/MNavigationPane_qml.cpp.aotstats
[110/480] Generating .rcc/qmlcache/marathon-ui-modals_qmlcache_loader.cpp
[111/480] Generating .rcc/qmlcache/marathon-ui-navigation_qml/MarathonUI/Navigation/MTab Control_qml.cpp, .rcc/qmlcache/marathon-ui-navigation_qml/MarathonUI/Navigation/MTab Control_qml.cpp.aotstats
[112/480] Generating .rcc/qmlcache/marathon-ui-feedback_qml/MarathonUI/Feedback/MActivityIndicator_qml.cpp, .rcc/qmlcache/marathon-ui-feedback_qml/MarathonUI/Feedback/MActivityIndicator_qml.cpp.aotstats
[113/480] Generating .rcc/qmlcache/marathon-ui-feedback_qml/MarathonUI/Feedback/MBadge_qml.cpp, .rcc/qmlcache/marathon-ui-feedback_qml/MarathonUI/Feedback/MBadge_qml.cpp.aotstats
[114/480] Running rcc for resource marathon-ui-modals_raw_qml_0
[115/480] Running rcc for resource qmake_MarathonUI_Effects
[116/480] Generating .rcc/qmlcache/marathon-ui-feedback_qml/MarathonUI/Feedback/MProgressBar_qml.cpp, .rcc/qmlcache/marathon-ui-feedback_qml/MarathonUI/Feedback/MProgressBar_qml.cpp.aotstats
[117/480] Generating .rcc/qmlcache/marathon-ui-effects_qmlcache_loader.cpp
[118/480] Running rcc for resource marathon-ui-effects_raw_qml_0
[119/480] Generating .rcc/qmlcache/marathon-ui-modals_qml/MarathonUI/Modals/MModal_qml.cpp, .rcc/qmlcache/marathon-ui-modals_qml/MarathonUI/Modals/MModal_qml.cpp.aotstats
[120/480] Building CXX object shell/CMakeFiles/marathon-ui-theme.dir/marathon-ui-theme_autogen/mocs_compilation.cpp.o
[121/480] Building CXX object shell/CMakeFiles/marathon-ui-theme.dir/.qt/rcc/qrc_qmake_MarathonUI_Theme.cpp.o
[122/480] Generating .rcc/qmlcache/marathon-ui-modals_qml/MarathonUI/Modals/MSheet_qml.cpp, .rcc/qmlcache/marathon-ui-modals_qml/MarathonUI/Modals/MSheet_qml.cpp.aotstats
[123/480] Generating .rcc/qmlcache/marathon-ui-modals_qml/MarathonUI/Modals/MConfirmDialog_qml.cpp, .rcc/qmlcache/marathon-ui-modals_qml/MarathonUI/Modals/MConfirmDialog_qml.cpp.aotstats
[124/480] Generating .rcc/qmlcache/marathon-ui-effects_qml/MarathonUI/Effects/MInset_qml.cpp, .rcc/qmlcache/marathon-ui-effects_qml/MarathonUI/Effects/MInset_qml.cpp.aotstats
[125/480] Generating .rcc/qmlcache/marathon-ui-effects_qml/MarathonUI/Effects/MRipple_qml.cpp, .rcc/qmlcache/marathon-ui-effects_qml/MarathonUI/Effects/MRipple_qml.cpp.aotstats
[126/480] Generating .rcc/qmlcache/marathon-ui-effects_qml/MarathonUI/Effects/MOutset_qml.cpp, .rcc/qmlcache/marathon-ui-effects_qml/MarathonUI/Effects/MOutset_qml.cpp.aotstats
[127/480] Building CXX object shell/CMakeFiles/marathon-ui-theme.dir/.rcc/qmlcache/marathon-ui-theme_qml/MarathonUI/Theme/MRadius_qml.cpp.o
[128/480] Building CXX object shell/CMakeFiles/marathon-ui-theme.dir/.rcc/qmlcache/marathon-ui-theme_qml/MarathonUI/Theme/MElevation_qml.cpp.o
[129/480] Building CXX object shell/CMakeFiles/marathon-ui-theme.dir/marathon-ui-theme_qmltyperegistrations.cpp.o
[130/480] Building CXX object shell/CMakeFiles/marathon-ui-theme.dir/.rcc/qmlcache/marathon-ui-theme_qml/MarathonUI/Theme/MSpacing_qml.cpp.o
[131/480] Building CXX object shell/CMakeFiles/marathon-ui-containers.dir/marathon-ui-containers_autogen/mocs_compilation.cpp.o
[132/480] Building CXX object shell/CMakeFiles/marathon-ui-containers.dir/.qt/rcc/qrc_qmake_MarathonUI_Containers.cpp.o
[133/480] Building CXX object shell/CMakeFiles/marathon-ui-theme.dir/.qt/rcc/qrc_marathon-ui-theme_raw_qml_0.cpp.o
[134/480] Building CXX object shell/CMakeFiles/marathon-ui-theme.dir/.rcc/qmlcache/marathon-ui-theme_qml/MarathonUI/Theme/MColors_qml.cpp.o
[135/480] Building CXX object shell/CMakeFiles/marathon-ui-theme.dir/.rcc/qmlcache/marathon-ui-theme_qml/MarathonUI/Theme/MTypography_qml.cpp.o
[136/480] Building CXX object shell/CMakeFiles/marathon-ui-theme.dir/.rcc/qmlcache/marathon-ui-theme_qmlcache_loader.cpp.o
[137/480] Building CXX object shell/CMakeFiles/marathon-ui-containers.dir/marathon-ui-containers_qmltyperegistrations.cpp.o
[138/480] Building CXX object shell/CMakeFiles/marathon-ui-containers.dir/.rcc/qmlcache/marathon-ui-containers_qmlcache_loader.cpp.o
[139/480] Building CXX object shell/CMakeFiles/marathon-ui-containers.dir/.qt/rcc/qrc_marathon-ui-containers_raw_qml_0.cpp.o
[140/480] Building CXX object shell/CMakeFiles/marathon-ui-containers.dir/.rcc/qmlcache/marathon-ui-containers_qml/MarathonUI/Containers/MCard_qml.cpp.o
[141/480] Building CXX object shell/CMakeFiles/marathon-ui-containers.dir/.qt/rcc/qrc_marathon-ui-containers_raw_qml_1.cpp.o
[142/480] Building CXX object shell/CMakeFiles/marathon-ui-core.dir/marathon-ui-core_autogen/mocs_compilation.cpp.o
[143/480] Building CXX object shell/CMakeFiles/marathon-ui-containers.dir/.rcc/qmlcache/marathon-ui-containers_qml/MarathonUI/Containers/MApp_qml.cpp.o
[144/480] Building CXX object shell/CMakeFiles/marathon-ui-containers.dir/.rcc/qmlcache/marathon-ui-containers_qml/MarathonUI/Containers/MSection_qml.cpp.o
[145/480] Building CXX object shell/CMakeFiles/marathon-ui-containers.dir/.rcc/qmlcache/marathon-ui-containers_qml/MarathonUI/Containers/MPage_qml.cpp.o
[146/480] Building CXX object shell/CMakeFiles/marathon-ui-core.dir/.qt/rcc/qrc_qmake_MarathonUI_Core.cpp.o
[147/480] Building CXX object shell/CMakeFiles/marathon-ui-containers.dir/.rcc/qmlcache/marathon-ui-containers_qml/MarathonUI/Containers/MListItem_qml.cpp.o
[148/480] Building CXX object shell/CMakeFiles/marathon-ui-containers.dir/.rcc/qmlcache/marathon-ui-containers_qml/MarathonUI/Containers/MLayer_qml.cpp.o
[149/480] Building CXX object shell/CMakeFiles/marathon-ui-containers.dir/.rcc/qmlcache/marathon-ui-containers_qml/MarathonUI/Containers/MScrollView_qml.cpp.o
[150/480] Building CXX object shell/CMakeFiles/marathon-ui-core.dir/marathon-ui-core_qmltyperegistrations.cpp.o
[151/480] Automatic MOC and UIC for target marathon-shell
[152/480] Running AUTOMOC file extraction for target marathon-shell
[153/480] Running moc --collect-json for target marathon-shell
[154/480] Building CXX object shell/CMakeFiles/marathon-ui-core.dir/.rcc/qmlcache/marathon-ui-core_qmlcache_loader.cpp.o
[155/480] Automatic QML type registration for target marathon-shell
[156/480] Building CXX object shell/CMakeFiles/marathon-ui-core.dir/.rcc/qmlcache/marathon-ui-core_qml/MarathonUI/Core/MIconButton_qml.cpp.o
[157/480] Building CXX object shell/CMakeFiles/marathon-ui-core.dir/.rcc/qmlcache/marathon-ui-core_qml/MarathonUI/Core/MTextInput_qml.cpp.o
[158/480] Building CXX object shell/CMakeFiles/marathon-ui-core.dir/.qt/rcc/qrc_marathon-ui-core_raw_qml_0.cpp.o
[159/480] Building CXX object shell/CMakeFiles/marathon-ui-controls.dir/marathon-ui-controls_autogen/mocs_compilation.cpp.o
[160/480] Building CXX object shell/CMakeFiles/marathon-ui-core.dir/.rcc/qmlcache/marathon-ui-core_qml/MarathonUI/Core/MTextArea_qml.cpp.o
[161/480] Building CXX object shell/CMakeFiles/marathon-ui-controls.dir/.qt/rcc/qrc_qmake_MarathonUI_Controls.cpp.o
[162/480] Building CXX object shell/CMakeFiles/marathon-ui-core.dir/.rcc/qmlcache/marathon-ui-core_qml/MarathonUI/Core/MLabel_qml.cpp.o
[163/480] Building CXX object shell/CMakeFiles/marathon-ui-core.dir/.rcc/qmlcache/marathon-ui-core_qml/MarathonUI/Core/MDateTimePicker_qml.cpp.o
[164/480] Building CXX object shell/CMakeFiles/marathon-ui-core.dir/.rcc/qmlcache/marathon-ui-core_qml/MarathonUI/Core/MDropDown_qml.cpp.o
[165/480] Building CXX object shell/CMakeFiles/marathon-ui-controls.dir/.qt/rcc/qrc_marathon-ui-controls_raw_qml_0.cpp.o
[166/480] Building CXX object shell/CMakeFiles/marathon-ui-core.dir/.rcc/qmlcache/marathon-ui-core_qml/MarathonUI/Core/MButton_qml.cpp.o
[167/480] Building CXX object shell/CMakeFiles/marathon-ui-lists.dir/marathon-ui-lists_autogen/mocs_compilation.cpp.o
[168/480] Building CXX object shell/CMakeFiles/marathon-ui-lists.dir/.qt/rcc/qrc_qmake_MarathonUI_Lists.cpp.o
[169/480] Building CXX object shell/CMakeFiles/marathon-ui-controls.dir/marathon-ui-controls_qmltyperegistrations.cpp.o
[170/480] Building CXX object shell/CMakeFiles/marathon-ui-controls.dir/.rcc/qmlcache/marathon-ui-controls_qml/MarathonUI/Controls/MSlider_qml.cpp.o
[171/480] Building CXX object shell/CMakeFiles/marathon-ui-core.dir/.rcc/qmlcache/marathon-ui-core_qml/MarathonUI/Core/MImageButton_qml.cpp.o
[172/480] Building CXX object shell/CMakeFiles/marathon-ui-lists.dir/.qt/rcc/qrc_marathon-ui-lists_raw_qml_0.cpp.o
[173/480] Building CXX object shell/CMakeFiles/marathon-ui-navigation.dir/marathon-ui-navigation_autogen/mocs_compilation.cpp.o
[174/480] Building CXX object shell/CMakeFiles/marathon-ui-core.dir/.rcc/qmlcache/marathon-ui-core_qml/MarathonUI/Core/MRadioButton_qml.cpp.o
[175/480] Building CXX object shell/CMakeFiles/marathon-ui-navigation.dir/.qt/rcc/qrc_qmake_MarathonUI_Navigation.cpp.o
[176/480] Building CXX object shell/CMakeFiles/marathon-ui-controls.dir/.rcc/qmlcache/marathon-ui-controls_qmlcache_loader.cpp.o
[177/480] Building CXX object shell/CMakeFiles/marathon-ui-controls.dir/.rcc/qmlcache/marathon-ui-controls_qml/MarathonUI/Controls/MToggle_qml.cpp.o
[178/480] Building CXX object shell/CMakeFiles/marathon-ui-lists.dir/marathon-ui-lists_qmltyperegistrations.cpp.o
[179/480] Building CXX object shell/CMakeFiles/marathon-ui-lists.dir/.rcc/qmlcache/marathon-ui-lists_qml/MarathonUI/Lists/MDivider_qml.cpp.o
[180/480] Building CXX object shell/CMakeFiles/marathon-ui-lists.dir/.rcc/qmlcache/marathon-ui-lists_qml/MarathonUI/Lists/MSectionHeader_qml.cpp.o
[181/480] Building CXX object shell/CMakeFiles/marathon-ui-navigation.dir/marathon-ui-navigation_qmltyperegistrations.cpp.o
[182/480] Building CXX object shell/CMakeFiles/marathon-ui-navigation.dir/.qt/rcc/qrc_marathon-ui-navigation_raw_qml_0.cpp.o
[183/480] Building CXX object shell/CMakeFiles/marathon-ui-feedback.dir/marathon-ui-feedback_autogen/mocs_compilation.cpp.o
[184/480] Building CXX object shell/CMakeFiles/marathon-ui-lists.dir/.rcc/qmlcache/marathon-ui-lists_qmlcache_loader.cpp.o
[185/480] Building CXX object shell/CMakeFiles/marathon-ui-feedback.dir/.qt/rcc/qrc_qmake_MarathonUI_Feedback.cpp.o
[186/480] Building CXX object shell/CMakeFiles/marathon-ui-navigation.dir/.rcc/qmlcache/marathon-ui-navigation_qml/MarathonUI/Navigation/MBottomBar_qml.cpp.o
[187/480] Building CXX object shell/CMakeFiles/marathon-ui-navigation.dir/.rcc/qmlcache/marathon-ui-navigation_qml/MarathonUI/Navigation/MTopBar_qml.cpp.o
[188/480] Building CXX object shell/CMakeFiles/marathon-ui-navigation.dir/.rcc/qmlcache/marathon-ui-navigation_qmlcache_loader.cpp.o
[189/480] Building CXX object shell/CMakeFiles/marathon-ui-navigation.dir/.rcc/qmlcache/marathon-ui-navigation_qml/MarathonUI/Navigation/MNavigationPane_qml.cpp.o
[190/480] Building CXX object shell/CMakeFiles/marathon-ui-feedback.dir/.qt/rcc/qrc_marathon-ui-feedback_raw_qml_0.cpp.o
[191/480] Building CXX object shell/CMakeFiles/marathon-ui-modals.dir/marathon-ui-modals_autogen/mocs_compilation.cpp.o
[192/480] Building CXX object shell/CMakeFiles/marathon-ui-feedback.dir/marathon-ui-feedback_qmltyperegistrations.cpp.o
[193/480] Building CXX object shell/CMakeFiles/marathon-ui-modals.dir/.qt/rcc/qrc_qmake_MarathonUI_Modals.cpp.o
[194/480] Building CXX object shell/CMakeFiles/marathon-ui-navigation.dir/.rcc/qmlcache/marathon-ui-navigation_qml/MarathonUI/Navigation/MActionBar_qml.cpp.o
[195/480] Building CXX object shell/CMakeFiles/marathon-ui-navigation.dir/.rcc/qmlcache/marathon-ui-navigation_qml/MarathonUI/Navigation/MTab_Control_qml.cpp.o
[196/480] Building CXX object shell/CMakeFiles/marathon-ui-feedback.dir/.rcc/qmlcache/marathon-ui-feedback_qml/MarathonUI/Feedback/MBadge_qml.cpp.o
[197/480] Building CXX object shell/CMakeFiles/marathon-ui-feedback.dir/.rcc/qmlcache/marathon-ui-feedback_qmlcache_loader.cpp.o
[198/480] Building CXX object shell/CMakeFiles/marathon-ui-modals.dir/.qt/rcc/qrc_marathon-ui-modals_raw_qml_0.cpp.o
[199/480] Building CXX object shell/CMakeFiles/marathon-ui-feedback.dir/.rcc/qmlcache/marathon-ui-feedback_qml/MarathonUI/Feedback/MActivityIndicator_qml.cpp.o
[200/480] Building CXX object shell/CMakeFiles/marathon-ui-effects.dir/marathon-ui-effects_autogen/mocs_compilation.cpp.o
[201/480] Building CXX object shell/CMakeFiles/marathon-ui-effects.dir/.qt/rcc/qrc_qmake_MarathonUI_Effects.cpp.o
[202/480] Building CXX object shell/CMakeFiles/marathon-ui-modals.dir/marathon-ui-modals_qmltyperegistrations.cpp.o
[203/480] Building CXX object shell/CMakeFiles/marathon-ui-feedback.dir/.rcc/qmlcache/marathon-ui-feedback_qml/MarathonUI/Feedback/MProgressBar_qml.cpp.o
[204/480] Building CXX object shell/CMakeFiles/marathon-ui-modals.dir/.rcc/qmlcache/marathon-ui-modals_qmlcache_loader.cpp.o
[205/480] Building CXX object shell/CMakeFiles/marathon-ui-modals.dir/.rcc/qmlcache/marathon-ui-modals_qml/MarathonUI/Modals/MConfirmDialog_qml.cpp.o
[206/480] Building CXX object shell/CMakeFiles/marathon-ui-effects.dir/.qt/rcc/qrc_marathon-ui-effects_raw_qml_0.cpp.o
[207/480] Running rcc for resource qmake_MarathonOS_Shell
[208/480] Generating .rcc/qmlcache/marathon-shell_qmlcache_loader.cpp
[209/480] Building CXX object shell/CMakeFiles/marathon-ui-effects.dir/marathon-ui-effects_qmltyperegistrations.cpp.o
[210/480] Building CXX object shell/CMakeFiles/marathon-ui-modals.dir/.rcc/qmlcache/marathon-ui-modals_qml/MarathonUI/Modals/MModal_qml.cpp.o
[211/480] Building CXX object shell/CMakeFiles/marathon-ui-effects.dir/.rcc/qmlcache/marathon-ui-effects_qml/MarathonUI/Effects/MInset_qml.cpp.o
[212/480] Generating .rcc/qmlcache/marathon-shell_qml/Main_qml.cpp, .rcc/qmlcache/marathon-shell_qml/Main_qml.cpp.aotstats
[213/480] Generating .rcc/qmlcache/marathon-shell_qml/MarathonShell_qml.cpp, .rcc/qmlcache/marathon-shell_qml/MarathonShell_qml.cpp.aotstats
[214/480] Generating .rcc/qmlcache/marathon-shell_qml/MarathonUI/Theme/MColors_qml.cpp, .rcc/qmlcache/marathon-shell_qml/MarathonUI/Theme/MColors_qml.cpp.aotstats
[215/480] Generating .rcc/qmlcache/marathon-shell_qml/MarathonUI/Theme/MTypography_qml.cpp, .rcc/qmlcache/marathon-shell_qml/MarathonUI/Theme/MTypography_qml.cpp.aotstats
[216/480] Generating .rcc/qmlcache/marathon-shell_qml/MarathonUI/Theme/MSpacing_qml.cpp, .rcc/qmlcache/marathon-shell_qml/MarathonUI/Theme/MSpacing_qml.cpp.aotstats
[217/480] Generating .rcc/qmlcache/marathon-shell_qml/MarathonUI/Theme/MRadius_qml.cpp, .rcc/qmlcache/marathon-shell_qml/MarathonUI/Theme/MRadius_qml.cpp.aotstats
[218/480] Generating .rcc/qmlcache/marathon-shell_qml/MarathonUI/Theme/MElevation_qml.cpp, .rcc/qmlcache/marathon-shell_qml/MarathonUI/Theme/MElevation_qml.cpp.aotstats
[219/480] Generating .rcc/qmlcache/marathon-shell_qml/MarathonUI/Theme/MMotion_qml.cpp, .rcc/qmlcache/marathon-shell_qml/MarathonUI/Theme/MMotion_qml.cpp.aotstats
[220/480] Building CXX object shell/CMakeFiles/marathon-ui-effects.dir/.rcc/qmlcache/marathon-ui-effects_qmlcache_loader.cpp.o
[221/480] Generating .rcc/qmlcache/marathon-shell_qml/MarathonUI/Core/MIconButton_qml.cpp, .rcc/qmlcache/marathon-shell_qml/MarathonUI/Core/MIconButton_qml.cpp.aotstats
[222/480] Generating .rcc/qmlcache/marathon-shell_qml/MarathonUI/Core/MButton_qml.cpp, .rcc/qmlcache/marathon-shell_qml/MarathonUI/Core/MButton_qml.cpp.aotstats
[223/480] Generating .rcc/qmlcache/marathon-shell_qml/MarathonUI/Controls/MToggle_qml.cpp, .rcc/qmlcache/marathon-shell_qml/MarathonUI/Controls/MToggle_qml.cpp.aotstats
[224/480] Generating .rcc/qmlcache/marathon-shell_qml/MarathonUI/Core/MTextInput_qml.cpp, .rcc/qmlcache/marathon-shell_qml/MarathonUI/Core/MTextInput_qml.cpp.aotstats
[225/480] Generating .rcc/qmlcache/marathon-shell_qml/MarathonUI/Controls/MSlider_qml.cpp, .rcc/qmlcache/marathon-shell_qml/MarathonUI/Controls/MSlider_qml.cpp.aotstats
[226/480] Generating .rcc/qmlcache/marathon-shell_qml/MarathonUI/Containers/MCard_qml.cpp, .rcc/qmlcache/marathon-shell_qml/MarathonUI/Containers/MCard_qml.cpp.aotstats
[227/480] Building CXX object shell/CMakeFiles/marathon-ui-effects.dir/.rcc/qmlcache/marathon-ui-effects_qml/MarathonUI/Effects/MOutset_qml.cpp.o
[228/480] Generating .rcc/qmlcache/marathon-shell_qml/MarathonUI/Containers/MLayer_qml.cpp, .rcc/qmlcache/marathon-shell_qml/MarathonUI/Containers/MLayer_qml.cpp.aotstats
[229/480] Building CXX object shell/CMakeFiles/marathon-ui-modals.dir/.rcc/qmlcache/marathon-ui-modals_qml/MarathonUI/Modals/MSheet_qml.cpp.o
[230/480] Generating .rcc/qmlcache/marathon-shell_qml/MarathonUI/Containers/MSection_qml.cpp, .rcc/qmlcache/marathon-shell_qml/MarathonUI/Containers/MSection_qml.cpp.aotstats
[231/480] Generating .rcc/qmlcache/marathon-shell_qml/MarathonUI/Containers/MPage_qml.cpp, .rcc/qmlcache/marathon-shell_qml/MarathonUI/Containers/MPage_qml.cpp.aotstats
[232/480] Generating .rcc/qmlcache/marathon-shell_qml/MarathonUI/Lists/MSectionHeader_qml.cpp, .rcc/qmlcache/marathon-shell_qml/MarathonUI/Lists/MSectionHeader_qml.cpp.aotstats
[233/480] Generating .rcc/qmlcache/marathon-shell_qml/MarathonUI/Lists/MDivider_qml.cpp, .rcc/qmlcache/marathon-shell_qml/MarathonUI/Lists/MDivider_qml.cpp.aotstats
[234/480] Generating .rcc/qmlcache/marathon-shell_qml/MarathonUI/Feedback/MBadge_qml.cpp, .rcc/qmlcache/marathon-shell_qml/MarathonUI/Feedback/MBadge_qml.cpp.aotstats
[235/480] Generating .rcc/qmlcache/marathon-shell_qml/components/Icon_qml.cpp, .rcc/qmlcache/marathon-shell_qml/components/Icon_qml.cpp.aotstats
[236/480] Generating .rcc/qmlcache/marathon-shell_qml/MarathonUI/Navigation/MTopBar_qml.cpp, .rcc/qmlcache/marathon-shell_qml/MarathonUI/Navigation/MTopBar_qml.cpp.aotstats
[237/480] Generating .rcc/qmlcache/marathon-shell_qml/MarathonUI/Navigation/MBottomBar_qml.cpp, .rcc/qmlcache/marathon-shell_qml/MarathonUI/Navigation/MBottomBar_qml.cpp.aotstats
[238/480] Generating .rcc/qmlcache/marathon-shell_qml/components/MarathonAppGrid_qml.cpp, .rcc/qmlcache/marathon-shell_qml/components/MarathonAppGrid_qml.cpp.aotstats
[239/480] Generating .rcc/qmlcache/marathon-shell_qml/components/MarathonLockScreen_qml.cpp, .rcc/qmlcache/marathon-shell_qml/components/MarathonLockScreen_qml.cpp.aotstats
[240/480] Generating .rcc/qmlcache/marathon-shell_qml/components/MarathonNavBar_qml.cpp, .rcc/qmlcache/marathon-shell_qml/components/MarathonNavBar_qml.cpp.aotstats
[241/480] Generating .rcc/qmlcache/marathon-shell_qml/components/MarathonMessagingHub_qml.cpp, .rcc/qmlcache/marathon-shell_qml/components/MarathonMessagingHub_qml.cpp.aotstats
[242/480] Generating .rcc/qmlcache/marathon-shell_qml/components/MarathonStatusBar_qml.cpp, .rcc/qmlcache/marathon-shell_qml/components/MarathonStatusBar_qml.cpp.aotstats
[243/480] Generating .rcc/qmlcache/marathon-shell_qml/components/MarathonBottomBar_qml.cpp, .rcc/qmlcache/marathon-shell_qml/components/MarathonBottomBar_qml.cpp.aotstats
[244/480] Building CXX object shell/CMakeFiles/marathon-ui-effects.dir/.rcc/qmlcache/marathon-ui-effects_qml/MarathonUI/Effects/MRipple_qml.cpp.o
[245/480] Generating .rcc/qmlcache/marathon-shell_qml/components/MarathonToggle_qml.cpp, .rcc/qmlcache/marathon-shell_qml/components/MarathonToggle_qml.cpp.aotstats
[246/480] Generating .rcc/qmlcache/marathon-shell_qml/components/MarathonCard_qml.cpp, .rcc/qmlcache/marathon-shell_qml/components/MarathonCard_qml.cpp.aotstats
[247/480] Generating .rcc/qmlcache/marathon-shell_qml/components/MarathonListItem_qml.cpp, .rcc/qmlcache/marathon-shell_qml/components/MarathonListItem_qml.cpp.aotstats
[248/480] Generating .rcc/qmlcache/marathon-shell_qml/components/MarathonQuickSettings_qml.cpp, .rcc/qmlcache/marathon-shell_qml/components/MarathonQuickSettings_qml.cpp.aotstats
[249/480] Generating .rcc/qmlcache/marathon-shell_qml/components/MarathonPeek_qml.cpp, .rcc/qmlcache/marathon-shell_qml/components/MarathonPeek_qml.cpp.aotstats
[250/480] Generating .rcc/qmlcache/marathon-shell_qml/components/MarathonTaskSwitcher_qml.cpp, .rcc/qmlcache/marathon-shell_qml/components/MarathonTaskSwitcher_qml.cpp.aotstats
[251/480] Generating .rcc/qmlcache/marathon-shell_qml/components/MarathonHub_qml.cpp, .rcc/qmlcache/marathon-shell_qml/components/MarathonHub_qml.cpp.aotstats
[252/480] Generating .rcc/qmlcache/marathon-shell_qml/components/MarathonPinScreen_qml.cpp, .rcc/qmlcache/marathon-shell_qml/components/MarathonPinScreen_qml.cpp.aotstats
[253/480] Generating .rcc/qmlcache/marathon-shell_qml/components/MarathonAppWindow_qml.cpp, .rcc/qmlcache/marathon-shell_qml/components/MarathonAppWindow_qml.cpp.aotstats
[254/480] Generating .rcc/qmlcache/marathon-shell_qml/components/ui/Button_qml.cpp, .rcc/qmlcache/marathon-shell_qml/components/ui/Button_qml.cpp.aotstats
[255/480] Generating .rcc/qmlcache/marathon-shell_qml/components/ui/Input_qml.cpp, .rcc/qmlcache/marathon-shell_qml/components/ui/Input_qml.cpp.aotstats
[256/480] Generating .rcc/qmlcache/marathon-shell_qml/components/ui/SettingsListItem_qml.cpp, .rcc/qmlcache/marathon-shell_qml/components/ui/SettingsListItem_qml.cpp.aotstats
[257/480] Generating .rcc/qmlcache/marathon-shell_qml/components/ui/PageIndicator_qml.cpp, .rcc/qmlcache/marathon-shell_qml/components/ui/PageIndicator_qml.cpp.aotstats
[258/480] Generating .rcc/qmlcache/marathon-shell_qml/components/MarathonSearch_qml.cpp, .rcc/qmlcache/marathon-shell_qml/components/MarathonSearch_qml.cpp.aotstats
[259/480] Generating .rcc/qmlcache/marathon-shell_qml/components/MarathonPageView_qml.cpp, .rcc/qmlcache/marathon-shell_qml/components/MarathonPageView_qml.cpp.aotstats
[260/480] Generating .rcc/qmlcache/marathon-shell_qml/components/ui/TextInputModal_qml.cpp, .rcc/qmlcache/marathon-shell_qml/components/ui/TextInputModal_qml.cpp.aotstats
[261/480] Generating .rcc/qmlcache/marathon-shell_qml/components/ui/Modal_qml.cpp, .rcc/qmlcache/marathon-shell_qml/components/ui/Modal_qml.cpp.aotstats
[262/480] Generating .rcc/qmlcache/marathon-shell_qml/components/ui/StorageDetailsModal_qml.cpp, .rcc/qmlcache/marathon-shell_qml/components/ui/StorageDetailsModal_qml.cpp.aotstats
[263/480] Generating .rcc/qmlcache/marathon-shell_qml/components/ui/ListPickerModal_qml.cpp, .rcc/qmlcache/marathon-shell_qml/components/ui/ListPickerModal_qml.cpp.aotstats
[264/480] Generating .rcc/qmlcache/marathon-shell_qml/components/ui/ConfirmDialog_qml.cpp, .rcc/qmlcache/marathon-shell_qml/components/ui/ConfirmDialog_qml.cpp.aotstats
[265/480] Generating .rcc/qmlcache/marathon-shell_qml/components/navigation/InertiaNavBar_qml.cpp, .rcc/qmlcache/marathon-shell_qml/components/navigation/InertiaNavBar_qml.cpp.aotstats
[266/480] Generating .rcc/qmlcache/marathon-shell_qml/components/layout/Section_qml.cpp, .rcc/qmlcache/marathon-shell_qml/components/layout/Section_qml.cpp.aotstats
[267/480] Generating .rcc/qmlcache/marathon-shell_qml/components/NotificationToast_qml.cpp, .rcc/qmlcache/marathon-shell_qml/components/NotificationToast_qml.cpp.aotstats
[268/480] Generating .rcc/qmlcache/marathon-shell_qml/components/ScreenshotPreview_qml.cpp, .rcc/qmlcache/marathon-shell_qml/components/ScreenshotPreview_qml.cpp.aotstats
[269/480] Generating .rcc/qmlcache/marathon-shell_qml/components/SystemHUD_qml.cpp, .rcc/qmlcache/marathon-shell_qml/components/SystemHUD_qml.cpp.aotstats
[270/480] Generating .rcc/qmlcache/marathon-shell_qml/components/BackGestureIndicator_qml.cpp, .rcc/qmlcache/marathon-shell_qml/components/BackGestureIndicator_qml.cpp.aotstats
[271/480] Generating .rcc/qmlcache/marathon-shell_qml/components/ShareSheet_qml.cpp, .rcc/qmlcache/marathon-shell_qml/components/ShareSheet_qml.cpp.aotstats
[272/480] Generating .rcc/qmlcache/marathon-shell_qml/components/AppContextMenu_qml.cpp, .rcc/qmlcache/marathon-shell_qml/components/AppContextMenu_qml.cpp.aotstats
[273/480] Generating .rcc/qmlcache/marathon-shell_qml/components/QuickSettingsTile_qml.cpp, .rcc/qmlcache/marathon-shell_qml/components/QuickSettingsTile_qml.cpp.aotstats
[274/480] Generating .rcc/qmlcache/marathon-shell_qml/components/ConnectionToast_qml.cpp, .rcc/qmlcache/marathon-shell_qml/components/ConnectionToast_qml.cpp.aotstats
[275/480] Generating .rcc/qmlcache/marathon-shell_qml/components/VirtualKeyboard_qml.cpp, .rcc/qmlcache/marathon-shell_qml/components/VirtualKeyboard_qml.cpp.aotstats
[276/480] Generating .rcc/qmlcache/marathon-shell_qml/components/ClipboardManager_qml.cpp, .rcc/qmlcache/marathon-shell_qml/components/ClipboardManager_qml.cpp.aotstats
[277/480] Generating .rcc/qmlcache/marathon-shell_qml/components/MediaPlaybackManager_qml.cpp, .rcc/qmlcache/marathon-shell_qml/components/MediaPlaybackManager_qml.cpp.aotstats
[278/480] Generating .rcc/qmlcache/marathon-shell_qml/apps/template/TemplateApp_qml.cpp, .rcc/qmlcache/marathon-shell_qml/apps/template/TemplateApp_qml.cpp.aotstats
[279/480] Generating .rcc/qmlcache/marathon-shell_qml/stores/SessionStore_qml.cpp, .rcc/qmlcache/marathon-shell_qml/stores/SessionStore_qml.cpp.aotstats
[280/480] Generating .rcc/qmlcache/marathon-shell_qml/stores/AppStore_qml.cpp, .rcc/qmlcache/marathon-shell_qml/stores/AppStore_qml.cpp.aotstats
[281/480] Generating .rcc/qmlcache/marathon-shell_qml/stores/WallpaperStore_qml.cpp, .rcc/qmlcache/marathon-shell_qml/stores/WallpaperStore_qml.cpp.aotstats
[282/480] Generating .rcc/qmlcache/marathon-shell_qml/stores/SystemStatusStore_qml.cpp, .rcc/qmlcache/marathon-shell_qml/stores/SystemStatusStore_qml.cpp.aotstats
[283/480] Generating .rcc/qmlcache/marathon-shell_qml/stores/SystemControlStore_qml.cpp, .rcc/qmlcache/marathon-shell_qml/stores/SystemControlStore_qml.cpp.aotstats
[284/480] Generating .rcc/qmlcache/marathon-shell_qml/core/Constants_qml.cpp, .rcc/qmlcache/marathon-shell_qml/core/Constants_qml.cpp.aotstats
[285/480] Generating .rcc/qmlcache/marathon-shell_qml/stores/UIStore_qml.cpp, .rcc/qmlcache/marathon-shell_qml/stores/UIStore_qml.cpp.aotstats
[286/480] Generating .rcc/qmlcache/marathon-shell_qml/theme/Colors_qml.cpp, .rcc/qmlcache/marathon-shell_qml/theme/Colors_qml.cpp.aotstats
[287/480] Generating .rcc/qmlcache/marathon-shell_qml/core/Router_qml.cpp, .rcc/qmlcache/marathon-shell_qml/core/Router_qml.cpp.aotstats
[288/480] Generating .rcc/qmlcache/marathon-shell_qml/core/Logger_qml.cpp, .rcc/qmlcache/marathon-shell_qml/core/Logger_qml.cpp.aotstats
[289/480] Generating .rcc/qmlcache/marathon-shell_qml/services/ServiceBus_qml.cpp, .rcc/qmlcache/marathon-shell_qml/services/ServiceBus_qml.cpp.aotstats
[290/480] Generating .rcc/qmlcache/marathon-shell_qml/services/Platform_qml.cpp, .rcc/qmlcache/marathon-shell_qml/services/Platform_qml.cpp.aotstats
[291/480] Generating .rcc/qmlcache/marathon-shell_qml/theme/Typography_qml.cpp, .rcc/qmlcache/marathon-shell_qml/theme/Typography_qml.cpp.aotstats
[292/480] Generating .rcc/qmlcache/marathon-shell_qml/services/NetworkManager_qml.cpp, .rcc/qmlcache/marathon-shell_qml/services/NetworkManager_qml.cpp.aotstats
[293/480] Generating .rcc/qmlcache/marathon-shell_qml/services/SessionManager_qml.cpp, .rcc/qmlcache/marathon-shell_qml/services/SessionManager_qml.cpp.aotstats
[294/480] Generating .rcc/qmlcache/marathon-shell_qml/services/PowerManager_qml.cpp, .rcc/qmlcache/marathon-shell_qml/services/PowerManager_qml.cpp.aotstats
[295/480] Generating .rcc/qmlcache/marathon-shell_qml/services/AudioManager_qml.cpp, .rcc/qmlcache/marathon-shell_qml/services/AudioManager_qml.cpp.aotstats
[296/480] Generating .rcc/qmlcache/marathon-shell_qml/services/TelephonyManager_qml.cpp, .rcc/qmlcache/marathon-shell_qml/services/TelephonyManager_qml.cpp.aotstats
[297/480] Generating .rcc/qmlcache/marathon-shell_qml/services/NotificationService_qml.cpp, .rcc/qmlcache/marathon-shell_qml/services/NotificationService_qml.cpp.aotstats
[298/480] Generating .rcc/qmlcache/marathon-shell_qml/services/DisplayManager_qml.cpp, .rcc/qmlcache/marathon-shell_qml/services/DisplayManager_qml.cpp.aotstats
[299/480] Generating .rcc/qmlcache/marathon-shell_qml/services/LocationService_qml.cpp, .rcc/qmlcache/marathon-shell_qml/services/LocationService_qml.cpp.aotstats
[300/480] Generating .rcc/qmlcache/marathon-shell_qml/services/DesktopFileParser_qml.cpp, .rcc/qmlcache/marathon-shell_qml/services/DesktopFileParser_qml.cpp.aotstats
[301/480] Generating .rcc/qmlcache/marathon-shell_qml/services/AppLauncher_qml.cpp, .rcc/qmlcache/marathon-shell_qml/services/AppLauncher_qml.cpp.aotstats
[302/480] Generating .rcc/qmlcache/marathon-shell_qml/services/WindowManager_qml.cpp, .rcc/qmlcache/marathon-shell_qml/services/WindowManager_qml.cpp.aotstats
[303/480] Generating .rcc/qmlcache/marathon-shell_qml/services/StatusBarIconService_qml.cpp, .rcc/qmlcache/marathon-shell_qml/services/StatusBarIconService_qml.cpp.aotstats
[304/480] Generating .rcc/qmlcache/marathon-shell_qml/services/ScreenshotService_qml.cpp, .rcc/qmlcache/marathon-shell_qml/services/ScreenshotService_qml.cpp.aotstats
[305/480] Generating .rcc/qmlcache/marathon-shell_qml/services/ClipboardService_qml.cpp, .rcc/qmlcache/marathon-shell_qml/services/ClipboardService_qml.cpp.aotstats
[306/480] Generating .rcc/qmlcache/marathon-shell_qml/services/HapticService_qml.cpp, .rcc/qmlcache/marathon-shell_qml/services/HapticService_qml.cpp.aotstats
[307/480] Generating .rcc/qmlcache/marathon-shell_qml/services/NavigationRouter_qml.cpp, .rcc/qmlcache/marathon-shell_qml/services/NavigationRouter_qml.cpp.aotstats
[308/480] Generating .rcc/qmlcache/marathon-shell_qml/services/AppLifecycleManager_qml.cpp, .rcc/qmlcache/marathon-shell_qml/services/AppLifecycleManager_qml.cpp.aotstats
[309/480] Generating .rcc/qmlcache/marathon-shell_qml/services/DesktopEntryParser_qml.cpp, .rcc/qmlcache/marathon-shell_qml/services/DesktopEntryParser_qml.cpp.aotstats
[310/480] Generating .rcc/qmlcache/marathon-shell_qml/services/UnifiedSearchService_qml.cpp, .rcc/qmlcache/marathon-shell_qml/services/UnifiedSearchService_qml.cpp.aotstats
[311/480] Running rcc for resource marathon-shell_raw_qml_0
[312/480] Automatic MOC and UIC for target marathon-ui-themeplugin
[313/480] Automatic MOC and UIC for target marathon-ui-navigationplugin
[314/480] Automatic MOC and UIC for target marathon-ui-containersplugin
[315/480] Automatic MOC and UIC for target marathon-ui-coreplugin
[316/480] Automatic MOC and UIC for target marathon-ui-feedbackplugin
[317/480] Automatic MOC and UIC for target marathon-ui-controlsplugin
[318/480] Automatic MOC and UIC for target marathon-ui-listsplugin
[319/480] Linking CXX shared library shell/libmarathon-ui-containers.so
[320/480] Linking CXX shared library shell/libmarathon-ui-lists.so
[321/480] Linking CXX shared library shell/libmarathon-ui-theme.so
[322/480] Automatic MOC and UIC for target marathon-ui-effectsplugin
[323/480] Linking CXX shared library shell/libmarathon-ui-core.so
[324/480] Building CXX object shell/CMakeFiles/marathon-ui-themeplugin.dir/marathon-ui-themeplugin_autogen/mocs_compilation.cpp.o
[325/480] Linking CXX shared library shell/libmarathon-ui-feedback.so
[326/480] Building CXX object shell/CMakeFiles/marathon-ui-containersplugin.dir/marathon-ui-containersplugin_autogen/mocs_compilation.cpp.o
[327/480] Linking CXX shared library shell/libmarathon-ui-controls.so
[328/480] Building CXX object shell/CMakeFiles/marathon-ui-coreplugin.dir/marathon-ui-coreplugin_autogen/mocs_compilation.cpp.o
[329/480] Automatic MOC and UIC for target marathon-ui-modalsplugin
[330/480] Building CXX object shell/CMakeFiles/marathon-ui-controlsplugin.dir/marathon-ui-controlsplugin_autogen/mocs_compilation.cpp.o
[331/480] Linking CXX shared library shell/libmarathon-ui-effects.so
[332/480] Building CXX object shell/CMakeFiles/marathon-ui-listsplugin.dir/marathon-ui-listsplugin_autogen/mocs_compilation.cpp.o
[333/480] Linking CXX shared library shell/libmarathon-ui-modals.so
[334/480] Building CXX object shell/CMakeFiles/marathon-ui-navigationplugin.dir/marathon-ui-navigationplugin_autogen/mocs_compilation.cpp.o
[335/480] Linking CXX shared library shell/libmarathon-ui-navigation.so
[336/480] Building CXX object shell/CMakeFiles/marathon-ui-feedbackplugin.dir/marathon-ui-feedbackplugin_autogen/mocs_compilation.cpp.o
[337/480] Building CXX object shell/CMakeFiles/marathon-ui-containersplugin.dir/marathon-ui-containersplugin_MarathonUI_ContainersPlugin.cpp.o
[338/480] Building CXX object shell/CMakeFiles/marathon-ui-controlsplugin.dir/marathon-ui-controlsplugin_MarathonUI_ControlsPlugin.cpp.o
[339/480] Building CXX object shell/CMakeFiles/marathon-ui-themeplugin.dir/marathon-ui-themeplugin_MarathonUI_ThemePlugin.cpp.o
[340/480] Building CXX object shell/CMakeFiles/marathon-ui-coreplugin.dir/marathon-ui-coreplugin_MarathonUI_CorePlugin.cpp.o
[341/480] Building CXX object shell/CMakeFiles/marathon-ui-listsplugin.dir/marathon-ui-listsplugin_MarathonUI_ListsPlugin.cpp.o
[342/480] Building CXX object shell/CMakeFiles/marathon-ui-modalsplugin.dir/marathon-ui-modalsplugin_autogen/mocs_compilation.cpp.o
[343/480] Building CXX object shell/CMakeFiles/marathon-ui-effectsplugin.dir/marathon-ui-effectsplugin_autogen/mocs_compilation.cpp.o
[344/480] Building CXX object shell/CMakeFiles/marathon-ui-navigationplugin.dir/marathon-ui-navigationplugin_MarathonUI_NavigationPlugin.cpp.o
[345/480] Linking CXX shared module shell/qml/MarathonUI/Containers/libmarathon-ui-containersplugin.so
[346/480] Linking CXX shared module shell/qml/MarathonUI/Theme/libmarathon-ui-themeplugin.so
[347/480] Linking CXX shared module shell/qml/MarathonUI/Controls/libmarathon-ui-controlsplugin.so
[348/480] Building CXX object shell/CMakeFiles/marathon-ui-feedbackplugin.dir/marathon-ui-feedbackplugin_MarathonUI_FeedbackPlugin.cpp.o
[349/480] Linking CXX shared module shell/qml/MarathonUI/Core/libmarathon-ui-coreplugin.so
[350/480] Linking CXX shared module shell/qml/MarathonUI/Lists/libmarathon-ui-listsplugin.so
[351/480] Linking CXX shared module shell/qml/MarathonUI/Navigation/libmarathon-ui-navigationplugin.so
[352/480] Linking CXX shared module shell/qml/MarathonUI/Feedback/libmarathon-ui-feedbackplugin.so
[353/480] Building CXX object shell/CMakeFiles/marathon-ui-modalsplugin.dir/marathon-ui-modalsplugin_MarathonUI_ModalsPlugin.cpp.o
[354/480] Building CXX object shell/CMakeFiles/marathon-ui-effectsplugin.dir/marathon-ui-effectsplugin_MarathonUI_EffectsPlugin.cpp.o
[355/480] Linking CXX shared module shell/qml/MarathonUI/Modals/libmarathon-ui-modalsplugin.so
[356/480] Linking CXX shared module shell/qml/MarathonUI/Effects/libmarathon-ui-effectsplugin.so
[357/480] Automatic RCC for resources.qrc
[358/480] Building CXX object shell/CMakeFiles/marathon-shell.dir/src/networkmanagercpp.cpp.o
[359/480] Building CXX object shell/CMakeFiles/marathon-shell.dir/src/taskmodel.cpp.o
[360/480] Building CXX object shell/CMakeFiles/marathon-shell.dir/src/appmodel.cpp.o
[361/480] Building CXX object shell/CMakeFiles/marathon-shell.dir/src/powermanagercpp.cpp.o
[362/480] Building CXX object shell/CMakeFiles/marathon-shell.dir/src/notificationmodel.cpp.o
[363/480] Building CXX object shell/CMakeFiles/marathon-shell.dir/src/desktopfileparser.cpp.o
[364/480] Building CXX object shell/CMakeFiles/marathon-shell.dir/src/notificationservice.cpp.o
[365/480] Building CXX object shell/CMakeFiles/marathon-shell.dir/main.cpp.o
[366/480] Building CXX object shell/CMakeFiles/marathon-shell.dir/src/settingsmanager.cpp.o
[367/480] Building CXX object shell/CMakeFiles/marathon-shell.dir/src/marathonappregistry.cpp.o
[368/480] Building CXX object shell/CMakeFiles/marathon-shell.dir/src/marathonapploader.cpp.o
[369/480] Building CXX object shell/CMakeFiles/marathon-shell.dir/src/marathonappscanner.cpp.o
[370/480] Building CXX object shell/CMakeFiles/marathon-shell.dir/src/marathonappinstaller.cpp.o
[371/480] Building CXX object shell/CMakeFiles/marathon-shell.dir/marathon-shell_autogen/mocs_compilation.cpp.o
[372/480] Building CXX object shell/CMakeFiles/marathon-shell.dir/src/bluetoothmanager.cpp.o
[373/480] Building CXX object shell/CMakeFiles/marathon-shell.dir/src/contactsmanager.cpp.o
[374/480] Building CXX object shell/CMakeFiles/marathon-shell.dir/.qt/rcc/qrc_qmake_MarathonOS_Shell.cpp.o
[375/480] Building CXX object shell/CMakeFiles/marathon-shell.dir/src/telephonyservice.cpp.o
[376/480] Building CXX object shell/CMakeFiles/marathon-shell.dir/src/callhistorymanager.cpp.o
[377/480] Building CXX object shell/CMakeFiles/marathon-shell.dir/src/smsservice.cpp.o
[378/480] Building CXX object shell/CMakeFiles/marathon-shell.dir/marathon-shell_qmltyperegistrations.cpp.o
[379/480] Building CXX object shell/CMakeFiles/marathon-shell.dir/.rcc/qmlcache/marathon-shell_qml/Main_qml.cpp.o
[380/480] Building CXX object shell/CMakeFiles/marathon-shell.dir/src/musiclibrarymanager.cpp.o
[381/480] Building CXX object shell/CMakeFiles/marathon-shell.dir/src/medialibrarymanager.cpp.o
[382/480] Building CXX object shell/CMakeFiles/marathon-shell.dir/.rcc/qmlcache/marathon-shell_qmlcache_loader.cpp.o
[383/480] Building CXX object shell/CMakeFiles/marathon-shell.dir/.rcc/qmlcache/marathon-shell_qml/MarathonUI/Theme/MColors_qml.cpp.o
[384/480] Building CXX object shell/CMakeFiles/marathon-shell.dir/src/waylandcompositor.cpp.o
[385/480] Building CXX object shell/CMakeFiles/marathon-shell.dir/.rcc/qmlcache/marathon-shell_qml/MarathonUI/Theme/MTypography_qml.cpp.o
[386/480] Building CXX object shell/CMakeFiles/marathon-shell.dir/.rcc/qmlcache/marathon-shell_qml/MarathonUI/Theme/MRadius_qml.cpp.o
[387/480] Building CXX object shell/CMakeFiles/marathon-shell.dir/.rcc/qmlcache/marathon-shell_qml/MarathonUI/Theme/MSpacing_qml.cpp.o
[388/480] Building CXX object shell/CMakeFiles/marathon-shell.dir/.rcc/qmlcache/marathon-shell_qml/MarathonUI/Theme/MElevation_qml.cpp.o
[389/480] Building CXX object shell/CMakeFiles/marathon-shell.dir/.rcc/qmlcache/marathon-shell_qml/MarathonUI/Theme/MMotion_qml.cpp.o
[390/480] Building CXX object shell/CMakeFiles/marathon-shell.dir/.rcc/qmlcache/marathon-shell_qml/MarathonUI/Controls/MToggle_qml.cpp.o
[391/480] Building CXX object shell/CMakeFiles/marathon-shell.dir/.rcc/qmlcache/marathon-shell_qml/MarathonUI/Controls/MSlider_qml.cpp.o
[392/480] Building CXX object shell/CMakeFiles/marathon-shell.dir/.rcc/qmlcache/marathon-shell_qml/MarathonUI/Containers/MCard_qml.cpp.o
[393/480] Building CXX object shell/CMakeFiles/marathon-shell.dir/.rcc/qmlcache/marathon-shell_qml/MarathonUI/Core/MTextInput_qml.cpp.o
[394/480] Building CXX object shell/CMakeFiles/marathon-shell.dir/.rcc/qmlcache/marathon-shell_qml/MarathonUI/Containers/MPage_qml.cpp.o
[395/480] Building CXX object shell/CMakeFiles/marathon-shell.dir/.rcc/qmlcache/marathon-shell_qml/MarathonUI/Core/MIconButton_qml.cpp.o
[396/480] Building CXX object shell/CMakeFiles/marathon-shell.dir/.rcc/qmlcache/marathon-shell_qml/MarathonShell_qml.cpp.o
[397/480] Building CXX object shell/CMakeFiles/marathon-shell.dir/.rcc/qmlcache/marathon-shell_qml/MarathonUI/Core/MButton_qml.cpp.o
[398/480] Building CXX object shell/CMakeFiles/marathon-shell.dir/.rcc/qmlcache/marathon-shell_qml/MarathonUI/Containers/MSection_qml.cpp.o
[399/480] Building CXX object shell/CMakeFiles/marathon-shell.dir/.rcc/qmlcache/marathon-shell_qml/MarathonUI/Containers/MLayer_qml.cpp.o
[400/480] Building CXX object shell/CMakeFiles/marathon-shell.dir/.rcc/qmlcache/marathon-shell_qml/MarathonUI/Lists/MDivider_qml.cpp.o
[401/480] Building CXX object shell/CMakeFiles/marathon-shell.dir/.rcc/qmlcache/marathon-shell_qml/MarathonUI/Lists/MSectionHeader_qml.cpp.o
[402/480] Building CXX object shell/CMakeFiles/marathon-shell.dir/.rcc/qmlcache/marathon-shell_qml/MarathonUI/Feedback/MBadge_qml.cpp.o
[403/480] Building CXX object shell/CMakeFiles/marathon-shell.dir/.rcc/qmlcache/marathon-shell_qml/MarathonUI/Navigation/MBottomBar_qml.cpp.o
[404/480] Building CXX object shell/CMakeFiles/marathon-shell.dir/.rcc/qmlcache/marathon-shell_qml/MarathonUI/Navigation/MTopBar_qml.cpp.o
[405/480] Building CXX object shell/CMakeFiles/marathon-shell.dir/.rcc/qmlcache/marathon-shell_qml/components/Icon_qml.cpp.o
[406/480] Building CXX object shell/CMakeFiles/marathon-shell.dir/.rcc/qmlcache/marathon-shell_qml/components/MarathonNavBar_qml.cpp.o
[407/480] Building CXX object shell/CMakeFiles/marathon-shell.dir/.rcc/qmlcache/marathon-shell_qml/components/MarathonAppGrid_qml.cpp.o
[408/480] Building CXX object shell/CMakeFiles/marathon-shell.dir/.rcc/qmlcache/marathon-shell_qml/components/MarathonLockScreen_qml.cpp.o
[409/480] Building CXX object shell/CMakeFiles/marathon-shell.dir/.rcc/qmlcache/marathon-shell_qml/components/MarathonMessagingHub_qml.cpp.o
[410/480] Building CXX object shell/CMakeFiles/marathon-shell.dir/.rcc/qmlcache/marathon-shell_qml/components/MarathonStatusBar_qml.cpp.o
[411/480] Building CXX object shell/CMakeFiles/marathon-shell.dir/.rcc/qmlcache/marathon-shell_qml/components/MarathonQuickSettings_qml.cpp.o
[412/480] Building CXX object shell/CMakeFiles/marathon-shell.dir/.rcc/qmlcache/marathon-shell_qml/components/MarathonBottomBar_qml.cpp.o
[413/480] Building CXX object shell/CMakeFiles/marathon-shell.dir/.rcc/qmlcache/marathon-shell_qml/components/MarathonPeek_qml.cpp.o
[414/480] Building CXX object shell/CMakeFiles/marathon-shell.dir/.rcc/qmlcache/marathon-shell_qml/components/MarathonCard_qml.cpp.o
[415/480] Building CXX object shell/CMakeFiles/marathon-shell.dir/.rcc/qmlcache/marathon-shell_qml/components/MarathonToggle_qml.cpp.o
[416/480] Building CXX object shell/CMakeFiles/marathon-shell.dir/.rcc/qmlcache/marathon-shell_qml/components/MarathonAppWindow_qml.cpp.o
[417/480] Building CXX object shell/CMakeFiles/marathon-shell.dir/.rcc/qmlcache/marathon-shell_qml/components/MarathonPageView_qml.cpp.o
[418/480] Building CXX object shell/CMakeFiles/marathon-shell.dir/.rcc/qmlcache/marathon-shell_qml/components/MarathonListItem_qml.cpp.o
[419/480] Building CXX object shell/CMakeFiles/marathon-shell.dir/.rcc/qmlcache/marathon-shell_qml/components/MarathonHub_qml.cpp.o
[420/480] Building CXX object shell/CMakeFiles/marathon-shell.dir/.rcc/qmlcache/marathon-shell_qml/components/MarathonPinScreen_qml.cpp.o
[421/480] Building CXX object shell/CMakeFiles/marathon-shell.dir/.rcc/qmlcache/marathon-shell_qml/components/ui/Input_qml.cpp.o
[422/480] Building CXX object shell/CMakeFiles/marathon-shell.dir/.rcc/qmlcache/marathon-shell_qml/components/ui/Button_qml.cpp.o
[423/480] Building CXX object shell/CMakeFiles/marathon-shell.dir/.rcc/qmlcache/marathon-shell_qml/components/ui/PageIndicator_qml.cpp.o
[424/480] Building CXX object shell/CMakeFiles/marathon-shell.dir/.rcc/qmlcache/marathon-shell_qml/components/MarathonTaskSwitcher_qml.cpp.o
[425/480] Building CXX object shell/CMakeFiles/marathon-shell.dir/.rcc/qmlcache/marathon-shell_qml/components/MarathonSearch_qml.cpp.o
[426/480] Building CXX object shell/CMakeFiles/marathon-shell.dir/.rcc/qmlcache/marathon-shell_qml/components/ui/SettingsListItem_qml.cpp.o
[427/480] Building CXX object shell/CMakeFiles/marathon-shell.dir/.rcc/qmlcache/marathon-shell_qml/components/ui/Modal_qml.cpp.o
[428/480] Building CXX object shell/CMakeFiles/marathon-shell.dir/.rcc/qmlcache/marathon-shell_qml/components/ui/StorageDetailsModal_qml.cpp.o
[429/480] Building CXX object shell/CMakeFiles/marathon-shell.dir/.rcc/qmlcache/marathon-shell_qml/components/ui/ListPickerModal_qml.cpp.o
[430/480] Building CXX object shell/CMakeFiles/marathon-shell.dir/.rcc/qmlcache/marathon-shell_qml/components/ui/TextInputModal_qml.cpp.o
[431/480] Building CXX object shell/CMakeFiles/marathon-shell.dir/.rcc/qmlcache/marathon-shell_qml/components/layout/Section_qml.cpp.o
[432/480] Building CXX object shell/CMakeFiles/marathon-shell.dir/.rcc/qmlcache/marathon-shell_qml/components/navigation/InertiaNavBar_qml.cpp.o
[433/480] Building CXX object shell/CMakeFiles/marathon-shell.dir/.rcc/qmlcache/marathon-shell_qml/components/ui/ConfirmDialog_qml.cpp.o
[434/480] Building CXX object shell/CMakeFiles/marathon-shell.dir/.rcc/qmlcache/marathon-shell_qml/components/BackGestureIndicator_qml.cpp.o
[435/480] Building CXX object shell/CMakeFiles/marathon-shell.dir/.rcc/qmlcache/marathon-shell_qml/components/SystemHUD_qml.cpp.o
[436/480] Building CXX object shell/CMakeFiles/marathon-shell.dir/.rcc/qmlcache/marathon-shell_qml/components/ScreenshotPreview_qml.cpp.o
[437/480] Building CXX object shell/CMakeFiles/marathon-shell.dir/.rcc/qmlcache/marathon-shell_qml/components/NotificationToast_qml.cpp.o
[438/480] Building CXX object shell/CMakeFiles/marathon-shell.dir/.rcc/qmlcache/marathon-shell_qml/components/AppContextMenu_qml.cpp.o
[439/480] Building CXX object shell/CMakeFiles/marathon-shell.dir/.rcc/qmlcache/marathon-shell_qml/components/ShareSheet_qml.cpp.o
[440/480] Building CXX object shell/CMakeFiles/marathon-shell.dir/.rcc/qmlcache/marathon-shell_qml/components/ClipboardManager_qml.cpp.o
[441/480] Building CXX object shell/CMakeFiles/marathon-shell.dir/.rcc/qmlcache/marathon-shell_qml/components/ConnectionToast_qml.cpp.o
[442/480] Building CXX object shell/CMakeFiles/marathon-shell.dir/.rcc/qmlcache/marathon-shell_qml/components/VirtualKeyboard_qml.cpp.o
[443/480] Building CXX object shell/CMakeFiles/marathon-shell.dir/.rcc/qmlcache/marathon-shell_qml/apps/template/TemplateApp_qml.cpp.o
[444/480] Building CXX object shell/CMakeFiles/marathon-shell.dir/.rcc/qmlcache/marathon-shell_qml/components/QuickSettingsTile_qml.cpp.o
[445/480] Building CXX object shell/CMakeFiles/marathon-shell.dir/.rcc/qmlcache/marathon-shell_qml/stores/WallpaperStore_qml.cpp.o
[446/480] Building CXX object shell/CMakeFiles/marathon-shell.dir/.rcc/qmlcache/marathon-shell_qml/stores/AppStore_qml.cpp.o
[447/480] Building CXX object shell/CMakeFiles/marathon-shell.dir/.rcc/qmlcache/marathon-shell_qml/components/MediaPlaybackManager_qml.cpp.o
[448/480] Building CXX object shell/CMakeFiles/marathon-shell.dir/.rcc/qmlcache/marathon-shell_qml/stores/SessionStore_qml.cpp.o
[449/480] Building CXX object shell/CMakeFiles/marathon-shell.dir/.rcc/qmlcache/marathon-shell_qml/stores/SystemStatusStore_qml.cpp.o
[450/480] Building CXX object shell/CMakeFiles/marathon-shell.dir/.rcc/qmlcache/marathon-shell_qml/stores/SystemControlStore_qml.cpp.o
[451/480] Building CXX object shell/CMakeFiles/marathon-shell.dir/.rcc/qmlcache/marathon-shell_qml/stores/UIStore_qml.cpp.o
[452/480] Building CXX object shell/CMakeFiles/marathon-shell.dir/.rcc/qmlcache/marathon-shell_qml/core/Logger_qml.cpp.o
[453/480] Building CXX object shell/CMakeFiles/marathon-shell.dir/.rcc/qmlcache/marathon-shell_qml/core/Router_qml.cpp.o
[454/480] Building CXX object shell/CMakeFiles/marathon-shell.dir/.rcc/qmlcache/marathon-shell_qml/core/Constants_qml.cpp.o
[455/480] Building CXX object shell/CMakeFiles/marathon-shell.dir/.rcc/qmlcache/marathon-shell_qml/theme/Colors_qml.cpp.o
[456/480] Building CXX object shell/CMakeFiles/marathon-shell.dir/.rcc/qmlcache/marathon-shell_qml/services/ServiceBus_qml.cpp.o
[457/480] Building CXX object shell/CMakeFiles/marathon-shell.dir/.rcc/qmlcache/marathon-shell_qml/theme/Typography_qml.cpp.o
[458/480] Building CXX object shell/CMakeFiles/marathon-shell.dir/.rcc/qmlcache/marathon-shell_qml/services/PowerManager_qml.cpp.o
[459/480] Building CXX object shell/CMakeFiles/marathon-shell.dir/.rcc/qmlcache/marathon-shell_qml/services/NetworkManager_qml.cpp.o
[460/480] Building CXX object shell/CMakeFiles/marathon-shell.dir/.rcc/qmlcache/marathon-shell_qml/services/Platform_qml.cpp.o
[461/480] Building CXX object shell/CMakeFiles/marathon-shell.dir/.rcc/qmlcache/marathon-shell_qml/services/NotificationService_qml.cpp.o
[462/480] Building CXX object shell/CMakeFiles/marathon-shell.dir/.rcc/qmlcache/marathon-shell_qml/services/AudioManager_qml.cpp.o
[463/480] Building CXX object shell/CMakeFiles/marathon-shell.dir/.rcc/qmlcache/marathon-shell_qml/services/DisplayManager_qml.cpp.o
[464/480] Building CXX object shell/CMakeFiles/marathon-shell.dir/.rcc/qmlcache/marathon-shell_qml/services/TelephonyManager_qml.cpp.o
[465/480] Building CXX object shell/CMakeFiles/marathon-shell.dir/.rcc/qmlcache/marathon-shell_qml/services/SessionManager_qml.cpp.o
[466/480] Building CXX object shell/CMakeFiles/marathon-shell.dir/.rcc/qmlcache/marathon-shell_qml/services/WindowManager_qml.cpp.o
[467/480] Building CXX object shell/CMakeFiles/marathon-shell.dir/.rcc/qmlcache/marathon-shell_qml/services/AppLauncher_qml.cpp.o
[468/480] Building CXX object shell/CMakeFiles/marathon-shell.dir/.rcc/qmlcache/marathon-shell_qml/services/StatusBarIconService_qml.cpp.o
[469/480] Building CXX object shell/CMakeFiles/marathon-shell.dir/.rcc/qmlcache/marathon-shell_qml/services/LocationService_qml.cpp.o
[470/480] Building CXX object shell/CMakeFiles/marathon-shell.dir/.rcc/qmlcache/marathon-shell_qml/services/DesktopFileParser_qml.cpp.o
[471/480] Building CXX object shell/CMakeFiles/marathon-shell.dir/.qt/rcc/qrc_marathon-shell_raw_qml_0.cpp.o
[472/480] Building CXX object shell/CMakeFiles/marathon-shell.dir/.rcc/qmlcache/marathon-shell_qml/services/ScreenshotService_qml.cpp.o
[473/480] Building CXX object shell/CMakeFiles/marathon-shell.dir/.rcc/qmlcache/marathon-shell_qml/services/HapticService_qml.cpp.o
[474/480] Building CXX object shell/CMakeFiles/marathon-shell.dir/.rcc/qmlcache/marathon-shell_qml/services/NavigationRouter_qml.cpp.o
[475/480] Building CXX object shell/CMakeFiles/marathon-shell.dir/.rcc/qmlcache/marathon-shell_qml/services/UnifiedSearchService_qml.cpp.o
[476/480] Building CXX object shell/CMakeFiles/marathon-shell.dir/.rcc/qmlcache/marathon-shell_qml/services/ClipboardService_qml.cpp.o
[477/480] Building CXX object shell/CMakeFiles/marathon-shell.dir/.rcc/qmlcache/marathon-shell_qml/services/AppLifecycleManager_qml.cpp.o
[478/480] Building CXX object shell/CMakeFiles/marathon-shell.dir/.rcc/qmlcache/marathon-shell_qml/services/DesktopEntryParser_qml.cpp.o
[479/480] Building CXX object shell/CMakeFiles/marathon-shell.dir/marathon-shell_autogen/EWIEGA46WW/qrc_resources.cpp.o
[480/480] Linking CXX executable shell/marathon-shell

✅ Marathon Shell built successfully!

Step 2/2: Building Marathon Apps...
🔍 Validating QML files...
----------------------------------------
============================================
Marathon Apps Build System
============================================
Project root: /home/patrickquinn/Developer/Marathon-Shell
Build directory: /home/patrickquinn/Developer/Marathon-Shell/build-apps
Install directory: /home/patrickquinn/.local/share/marathon-apps
============================================

🧹 Cleaning install directory...
📁 Install directory doesn't exist, will be created

Configuring CMake...
-- The CXX compiler identification is GNU 15.2.1
-- Detecting CXX compiler ABI info
-- Detecting CXX compiler ABI info - done
-- Check for working CXX compiler: /usr/bin/c++ - skipped
-- Detecting CXX compile features
-- Detecting CXX compile features - done
-- Performing Test CMAKE_HAVE_LIBC_PTHREAD
-- Performing Test CMAKE_HAVE_LIBC_PTHREAD - Success
-- Found Threads: TRUE
-- Performing Test HAVE_STDATOMIC
-- Performing Test HAVE_STDATOMIC - Success
-- Found WrapAtomic: TRUE
-- Found OpenGL: /usr/lib64/libOpenGL.so
-- Found WrapOpenGL: TRUE
-- Found WrapVulkanHeaders: /usr/include
-- Could NOT find Qt6WebEngineQuick (missing: Qt6WebEngineQuick_DIR)
CMake Warning at CMakeLists.txt:25 (find_package):
  Found package configuration file:

    /usr/lib64/cmake/Qt6/Qt6Config.cmake

  but it set Qt6_FOUND to FALSE so package "Qt6" is considered to be NOT
  FOUND.  Reason given by package:

  Failed to find required Qt component "WebEngineQuick".

  Expected Config file at
  "/usr/lib64/cmake/Qt6WebEngineQuick/Qt6WebEngineQuickConfig.cmake" does NOT
  exist



  Configuring with --debug-find-pkg=Qt6WebEngineQuick might reveal details
  why the package was not found.

  Configuring with -DQT_DEBUG_FIND_PACKAGE=ON will print the values of some
  of the path variables that find_package uses to try and find the package.



-- ==========================================
-- Marathon Apps Build Configuration
-- Installation directory: /home/patrickquinn/.local/share/marathon-apps
-- WebEngine available: FALSE
-- ==========================================
-- Configuring done (0.9s)
-- Generating done (0.0s)
-- Build files have been written to: /home/patrickquinn/Developer/Marathon-Shell/build-apps

🔍 Linting QML files...
Building apps...
[1/22] Copying terminal-plugin qml sources into build dir
[2/22] Copying terminal-plugin qml resources into build dir
[3/22] Automatic MOC and UIC for target terminal-pluginplugin
[4/22] Automatic MOC and UIC for target terminal-plugin
[5/22] Running AUTOMOC file extraction for target terminal-plugin
[6/22] Running rcc for resource qmake_Terminal
[7/22] Running rcc for resource terminal-plugin_raw_qml_0
[8/22] Running moc --collect-json for target terminal-plugin
[9/22] Generating .rcc/qmlcache/terminal-plugin_qmlcache_loader.cpp
[10/22] Automatic QML type registration for target terminal-plugin
[11/22] Generating .rcc/qmlcache/terminal-plugin_TerminalApp_qml.cpp, .rcc/qmlcache/terminal-plugin_TerminalApp_qml.cpp.aotstats
[12/22] Building CXX object terminal/CMakeFiles/terminal-pluginplugin.dir/terminal-pluginplugin_autogen/mocs_compilation.cpp.o
[13/22] Building CXX object terminal/CMakeFiles/terminal-plugin.dir/.qt/rcc/qrc_qmake_Terminal.cpp.o
[14/22] Building CXX object terminal/CMakeFiles/terminal-plugin.dir/.qt/rcc/qrc_terminal-plugin_raw_qml_0.cpp.o
[15/22] Building CXX object terminal/CMakeFiles/terminal-plugin.dir/.rcc/qmlcache/terminal-plugin_TerminalApp_qml.cpp.o
[16/22] Building CXX object terminal/CMakeFiles/terminal-pluginplugin.dir/terminal-pluginplugin_TerminalPlugin.cpp.o
[17/22] Building CXX object terminal/CMakeFiles/terminal-plugin.dir/terminal-plugin_qmltyperegistrations.cpp.o
[18/22] Building CXX object terminal/CMakeFiles/terminal-plugin.dir/terminal-plugin_autogen/mocs_compilation.cpp.o
[19/22] Building CXX object terminal/CMakeFiles/terminal-plugin.dir/.rcc/qmlcache/terminal-plugin_qmlcache_loader.cpp.o
[20/22] Building CXX object terminal/CMakeFiles/terminal-plugin.dir/src/TerminalEngine.cpp.o
[21/22] Linking CXX shared library terminal/libterminal-plugin.so
[22/22] Linking CXX shared module apps/terminal/Terminal/libterminal-pluginplugin.so

Installing apps to /home/patrickquinn/.local/share/marathon-apps...
-- Install configuration: "Release"
-- Installing: /home/patrickquinn/.local/share/marathon-apps/browser
-- Installing: /home/patrickquinn/.local/share/marathon-apps/browser/BrowserApp.qml
-- Installing: /home/patrickquinn/.local/share/marathon-apps/browser/assets
-- Installing: /home/patrickquinn/.local/share/marathon-apps/browser/assets/icon.svg
-- Installing: /home/patrickquinn/.local/share/marathon-apps/browser/components
-- Installing: /home/patrickquinn/.local/share/marathon-apps/browser/components/BrowserDrawer.qml
-- Installing: /home/patrickquinn/.local/share/marathon-apps/browser/components/TabCard.qml
-- Installing: /home/patrickquinn/.local/share/marathon-apps/browser/components/WebView.qml
-- Installing: /home/patrickquinn/.local/share/marathon-apps/browser/manifest.json
-- Installing: /home/patrickquinn/.local/share/marathon-apps/browser/pages
-- Installing: /home/patrickquinn/.local/share/marathon-apps/browser/pages/BookmarksPage.qml
-- Installing: /home/patrickquinn/.local/share/marathon-apps/browser/pages/BrowserSettingsPage.qml
-- Installing: /home/patrickquinn/.local/share/marathon-apps/browser/pages/HistoryPage.qml
-- Installing: /home/patrickquinn/.local/share/marathon-apps/browser/pages/HomepagePage.qml
-- Installing: /home/patrickquinn/.local/share/marathon-apps/browser/pages/SearchEnginePage.qml
-- Installing: /home/patrickquinn/.local/share/marathon-apps/browser/pages/TabsPage.qml
-- Installing: /home/patrickquinn/.local/share/marathon-apps/browser/qmldir
-- Up-to-date: /home/patrickquinn/.local/share/marathon-apps/browser/manifest.json
-- Up-to-date: /home/patrickquinn/.local/share/marathon-apps/browser/qmldir
-- Up-to-date: /home/patrickquinn/.local/share/marathon-apps/browser/assets
-- Up-to-date: /home/patrickquinn/.local/share/marathon-apps/browser/assets/icon.svg
-- Installing: /home/patrickquinn/.local/share/marathon-apps/settings
-- Installing: /home/patrickquinn/.local/share/marathon-apps/settings/SettingsApp.qml
-- Installing: /home/patrickquinn/.local/share/marathon-apps/settings/assets
-- Installing: /home/patrickquinn/.local/share/marathon-apps/settings/assets/icon.svg
-- Installing: /home/patrickquinn/.local/share/marathon-apps/settings/components
-- Installing: /home/patrickquinn/.local/share/marathon-apps/settings/components/SettingsPageTemplate.qml
-- Installing: /home/patrickquinn/.local/share/marathon-apps/settings/manifest.json
-- Installing: /home/patrickquinn/.local/share/marathon-apps/settings/pages
-- Installing: /home/patrickquinn/.local/share/marathon-apps/settings/pages/AboutPage.qml
-- Installing: /home/patrickquinn/.local/share/marathon-apps/settings/pages/AboutPageNew.qml
-- Installing: /home/patrickquinn/.local/share/marathon-apps/settings/pages/AppManagerPage.qml
-- Installing: /home/patrickquinn/.local/share/marathon-apps/settings/pages/BluetoothPage.qml
-- Installing: /home/patrickquinn/.local/share/marathon-apps/settings/pages/CellularPage.qml
-- Installing: /home/patrickquinn/.local/share/marathon-apps/settings/pages/DisplayPage.qml
-- Installing: /home/patrickquinn/.local/share/marathon-apps/settings/pages/NotificationsPage.qml
-- Installing: /home/patrickquinn/.local/share/marathon-apps/settings/pages/ScalePage.qml
-- Installing: /home/patrickquinn/.local/share/marathon-apps/settings/pages/ScreenTimeoutPage.qml
-- Installing: /home/patrickquinn/.local/share/marathon-apps/settings/pages/SettingsMainPage.qml
-- Installing: /home/patrickquinn/.local/share/marathon-apps/settings/pages/SoundPage.qml
-- Installing: /home/patrickquinn/.local/share/marathon-apps/settings/pages/SoundPickerPage.qml
-- Installing: /home/patrickquinn/.local/share/marathon-apps/settings/pages/StoragePage.qml
-- Installing: /home/patrickquinn/.local/share/marathon-apps/settings/pages/WallpaperPage.qml
-- Installing: /home/patrickquinn/.local/share/marathon-apps/settings/pages/WiFiPage.qml
-- Installing: /home/patrickquinn/.local/share/marathon-apps/settings/pages/WiFiPageRefactored.qml
-- Installing: /home/patrickquinn/.local/share/marathon-apps/settings/qmldir
-- Up-to-date: /home/patrickquinn/.local/share/marathon-apps/settings/manifest.json
-- Up-to-date: /home/patrickquinn/.local/share/marathon-apps/settings/qmldir
-- Up-to-date: /home/patrickquinn/.local/share/marathon-apps/settings/assets
-- Up-to-date: /home/patrickquinn/.local/share/marathon-apps/settings/assets/icon.svg
-- Installing: /home/patrickquinn/.local/share/marathon-apps/clock
-- Installing: /home/patrickquinn/.local/share/marathon-apps/clock/ClockApp.qml
-- Installing: /home/patrickquinn/.local/share/marathon-apps/clock/assets
-- Installing: /home/patrickquinn/.local/share/marathon-apps/clock/assets/icon.svg
-- Installing: /home/patrickquinn/.local/share/marathon-apps/clock/assets/icons
-- Installing: /home/patrickquinn/.local/share/marathon-apps/clock/assets/icons/bell.svg
-- Installing: /home/patrickquinn/.local/share/marathon-apps/clock/assets/icons/clock.svg
-- Installing: /home/patrickquinn/.local/share/marathon-apps/clock/assets/icons/stopwatch.svg
-- Installing: /home/patrickquinn/.local/share/marathon-apps/clock/assets/icons/timer.svg
-- Installing: /home/patrickquinn/.local/share/marathon-apps/clock/components
-- Installing: /home/patrickquinn/.local/share/marathon-apps/clock/components/AlarmItem.qml
-- Installing: /home/patrickquinn/.local/share/marathon-apps/clock/components/ClockIcon.qml
-- Installing: /home/patrickquinn/.local/share/marathon-apps/clock/manifest.json
-- Installing: /home/patrickquinn/.local/share/marathon-apps/clock/pages
-- Installing: /home/patrickquinn/.local/share/marathon-apps/clock/pages/AlarmEditorDialog.qml
-- Installing: /home/patrickquinn/.local/share/marathon-apps/clock/pages/AlarmPage.qml
-- Installing: /home/patrickquinn/.local/share/marathon-apps/clock/pages/ClockPage.qml
-- Installing: /home/patrickquinn/.local/share/marathon-apps/clock/pages/StopwatchPage.qml
-- Installing: /home/patrickquinn/.local/share/marathon-apps/clock/pages/TimerPage.qml
-- Installing: /home/patrickquinn/.local/share/marathon-apps/clock/pages/WorldClockPage.qml
-- Installing: /home/patrickquinn/.local/share/marathon-apps/clock/qmldir
-- Up-to-date: /home/patrickquinn/.local/share/marathon-apps/clock/manifest.json
-- Up-to-date: /home/patrickquinn/.local/share/marathon-apps/clock/qmldir
-- Up-to-date: /home/patrickquinn/.local/share/marathon-apps/clock/assets
-- Up-to-date: /home/patrickquinn/.local/share/marathon-apps/clock/assets/icon.svg
-- Up-to-date: /home/patrickquinn/.local/share/marathon-apps/clock/assets/icons
-- Up-to-date: /home/patrickquinn/.local/share/marathon-apps/clock/assets/icons/bell.svg
-- Up-to-date: /home/patrickquinn/.local/share/marathon-apps/clock/assets/icons/clock.svg
-- Up-to-date: /home/patrickquinn/.local/share/marathon-apps/clock/assets/icons/stopwatch.svg
-- Up-to-date: /home/patrickquinn/.local/share/marathon-apps/clock/assets/icons/timer.svg
-- Installing: /home/patrickquinn/.local/share/marathon-apps/calculator
-- Installing: /home/patrickquinn/.local/share/marathon-apps/calculator/CalculatorApp.qml
-- Installing: /home/patrickquinn/.local/share/marathon-apps/calculator/assets
-- Installing: /home/patrickquinn/.local/share/marathon-apps/calculator/assets/icon.svg
-- Installing: /home/patrickquinn/.local/share/marathon-apps/calculator/manifest.json
-- Up-to-date: /home/patrickquinn/.local/share/marathon-apps/calculator/manifest.json
-- Up-to-date: /home/patrickquinn/.local/share/marathon-apps/calculator/assets
-- Up-to-date: /home/patrickquinn/.local/share/marathon-apps/calculator/assets/icon.svg
-- Installing: /home/patrickquinn/.local/share/marathon-apps/phone
-- Installing: /home/patrickquinn/.local/share/marathon-apps/phone/PhoneApp.qml
-- Installing: /home/patrickquinn/.local/share/marathon-apps/phone/assets
-- Installing: /home/patrickquinn/.local/share/marathon-apps/phone/assets/icon.svg
-- Installing: /home/patrickquinn/.local/share/marathon-apps/phone/manifest.json
-- Installing: /home/patrickquinn/.local/share/marathon-apps/phone/pages
-- Installing: /home/patrickquinn/.local/share/marathon-apps/phone/pages/ActiveCallPage.qml
-- Installing: /home/patrickquinn/.local/share/marathon-apps/phone/pages/CallHistoryPage.qml
-- Installing: /home/patrickquinn/.local/share/marathon-apps/phone/pages/ContactEditorPage.qml
-- Installing: /home/patrickquinn/.local/share/marathon-apps/phone/pages/ContactsPage.qml
-- Installing: /home/patrickquinn/.local/share/marathon-apps/phone/pages/DialerPage.qml
-- Installing: /home/patrickquinn/.local/share/marathon-apps/phone/pages/IncomingCallScreen.qml
-- Installing: /home/patrickquinn/.local/share/marathon-apps/phone/qmldir
-- Up-to-date: /home/patrickquinn/.local/share/marathon-apps/phone/manifest.json
-- Up-to-date: /home/patrickquinn/.local/share/marathon-apps/phone/qmldir
-- Up-to-date: /home/patrickquinn/.local/share/marathon-apps/phone/assets
-- Up-to-date: /home/patrickquinn/.local/share/marathon-apps/phone/assets/icon.svg
-- Installing: /home/patrickquinn/.local/share/marathon-apps/messages
-- Installing: /home/patrickquinn/.local/share/marathon-apps/messages/MessagesApp.qml
-- Installing: /home/patrickquinn/.local/share/marathon-apps/messages/assets
-- Installing: /home/patrickquinn/.local/share/marathon-apps/messages/assets/icon.svg
-- Installing: /home/patrickquinn/.local/share/marathon-apps/messages/manifest.json
-- Installing: /home/patrickquinn/.local/share/marathon-apps/messages/pages
-- Installing: /home/patrickquinn/.local/share/marathon-apps/messages/pages/ChatPage.qml
-- Installing: /home/patrickquinn/.local/share/marathon-apps/messages/pages/ConversationsListPage.qml
-- Installing: /home/patrickquinn/.local/share/marathon-apps/messages/pages/NewConversationPage.qml
-- Installing: /home/patrickquinn/.local/share/marathon-apps/messages/qmldir
-- Up-to-date: /home/patrickquinn/.local/share/marathon-apps/messages/manifest.json
-- Up-to-date: /home/patrickquinn/.local/share/marathon-apps/messages/qmldir
-- Up-to-date: /home/patrickquinn/.local/share/marathon-apps/messages/assets
-- Up-to-date: /home/patrickquinn/.local/share/marathon-apps/messages/assets/icon.svg
-- Installing: /home/patrickquinn/.local/share/marathon-apps/notes
-- Installing: /home/patrickquinn/.local/share/marathon-apps/notes/NotesApp.qml
-- Installing: /home/patrickquinn/.local/share/marathon-apps/notes/assets
-- Installing: /home/patrickquinn/.local/share/marathon-apps/notes/assets/icon.svg
-- Installing: /home/patrickquinn/.local/share/marathon-apps/notes/components
-- Installing: /home/patrickquinn/.local/share/marathon-apps/notes/components/NoteItem.qml
-- Installing: /home/patrickquinn/.local/share/marathon-apps/notes/manifest.json
-- Installing: /home/patrickquinn/.local/share/marathon-apps/notes/pages
-- Installing: /home/patrickquinn/.local/share/marathon-apps/notes/pages/NoteEditorPage.qml
-- Installing: /home/patrickquinn/.local/share/marathon-apps/notes/pages/NotesListPage.qml
-- Installing: /home/patrickquinn/.local/share/marathon-apps/notes/qmldir
-- Up-to-date: /home/patrickquinn/.local/share/marathon-apps/notes/manifest.json
-- Up-to-date: /home/patrickquinn/.local/share/marathon-apps/notes/qmldir
-- Up-to-date: /home/patrickquinn/.local/share/marathon-apps/notes/assets
-- Up-to-date: /home/patrickquinn/.local/share/marathon-apps/notes/assets/icon.svg
-- Installing: /home/patrickquinn/.local/share/marathon-apps/calendar
-- Installing: /home/patrickquinn/.local/share/marathon-apps/calendar/CalendarApp.qml
-- Installing: /home/patrickquinn/.local/share/marathon-apps/calendar/assets
-- Installing: /home/patrickquinn/.local/share/marathon-apps/calendar/assets/icon.svg
-- Installing: /home/patrickquinn/.local/share/marathon-apps/calendar/manifest.json
-- Installing: /home/patrickquinn/.local/share/marathon-apps/calendar/pages
-- Installing: /home/patrickquinn/.local/share/marathon-apps/calendar/pages/CalendarGridPage.qml
-- Installing: /home/patrickquinn/.local/share/marathon-apps/calendar/pages/EventListPage.qml
-- Installing: /home/patrickquinn/.local/share/marathon-apps/calendar/qmldir
-- Up-to-date: /home/patrickquinn/.local/share/marathon-apps/calendar/manifest.json
-- Up-to-date: /home/patrickquinn/.local/share/marathon-apps/calendar/qmldir
-- Up-to-date: /home/patrickquinn/.local/share/marathon-apps/calendar/assets
-- Up-to-date: /home/patrickquinn/.local/share/marathon-apps/calendar/assets/icon.svg
-- Installing: /home/patrickquinn/.local/share/marathon-apps/camera
-- Installing: /home/patrickquinn/.local/share/marathon-apps/camera/CameraApp.qml
-- Installing: /home/patrickquinn/.local/share/marathon-apps/camera/assets
-- Installing: /home/patrickquinn/.local/share/marathon-apps/camera/assets/icon.svg
-- Installing: /home/patrickquinn/.local/share/marathon-apps/camera/manifest.json
-- Installing: /home/patrickquinn/.local/share/marathon-apps/camera/qmldir
-- Up-to-date: /home/patrickquinn/.local/share/marathon-apps/camera/manifest.json
-- Up-to-date: /home/patrickquinn/.local/share/marathon-apps/camera/qmldir
-- Up-to-date: /home/patrickquinn/.local/share/marathon-apps/camera/assets
-- Up-to-date: /home/patrickquinn/.local/share/marathon-apps/camera/assets/icon.svg
-- Installing: /home/patrickquinn/.local/share/marathon-apps/gallery
-- Installing: /home/patrickquinn/.local/share/marathon-apps/gallery/GalleryApp.qml
-- Installing: /home/patrickquinn/.local/share/marathon-apps/gallery/assets
-- Installing: /home/patrickquinn/.local/share/marathon-apps/gallery/assets/icon.svg
-- Installing: /home/patrickquinn/.local/share/marathon-apps/gallery/manifest.json
-- Installing: /home/patrickquinn/.local/share/marathon-apps/gallery/pages
-- Installing: /home/patrickquinn/.local/share/marathon-apps/gallery/pages/PhotoViewerPage.qml
-- Installing: /home/patrickquinn/.local/share/marathon-apps/gallery/qmldir
-- Up-to-date: /home/patrickquinn/.local/share/marathon-apps/gallery/manifest.json
-- Up-to-date: /home/patrickquinn/.local/share/marathon-apps/gallery/qmldir
-- Up-to-date: /home/patrickquinn/.local/share/marathon-apps/gallery/assets
-- Up-to-date: /home/patrickquinn/.local/share/marathon-apps/gallery/assets/icon.svg
-- Installing: /home/patrickquinn/.local/share/marathon-apps/music
-- Installing: /home/patrickquinn/.local/share/marathon-apps/music/MusicApp.qml
-- Installing: /home/patrickquinn/.local/share/marathon-apps/music/assets
-- Installing: /home/patrickquinn/.local/share/marathon-apps/music/assets/icon.svg
-- Installing: /home/patrickquinn/.local/share/marathon-apps/music/manifest.json
-- Installing: /home/patrickquinn/.local/share/marathon-apps/music/qmldir
-- Up-to-date: /home/patrickquinn/.local/share/marathon-apps/music/manifest.json
-- Up-to-date: /home/patrickquinn/.local/share/marathon-apps/music/qmldir
-- Up-to-date: /home/patrickquinn/.local/share/marathon-apps/music/assets
-- Up-to-date: /home/patrickquinn/.local/share/marathon-apps/music/assets/icon.svg
-- Installing: /home/patrickquinn/.local/share/marathon-apps/maps
-- Installing: /home/patrickquinn/.local/share/marathon-apps/maps/MapsApp.qml
-- Installing: /home/patrickquinn/.local/share/marathon-apps/maps/assets
-- Installing: /home/patrickquinn/.local/share/marathon-apps/maps/assets/icon.svg
-- Installing: /home/patrickquinn/.local/share/marathon-apps/maps/manifest.json
-- Installing: /home/patrickquinn/.local/share/marathon-apps/maps/qmldir
-- Up-to-date: /home/patrickquinn/.local/share/marathon-apps/maps/manifest.json
-- Up-to-date: /home/patrickquinn/.local/share/marathon-apps/maps/qmldir
-- Up-to-date: /home/patrickquinn/.local/share/marathon-apps/maps/assets
-- Up-to-date: /home/patrickquinn/.local/share/marathon-apps/maps/assets/icon.svg
-- Installing: /home/patrickquinn/.local/share/marathon-apps/terminal/libterminal-plugin.so
-- Installing: /home/patrickquinn/.local/share/marathon-apps/terminal/TerminalApp.qml
-- Installing: /home/patrickquinn/.local/share/marathon-apps/terminal/Terminal
-- Installing: /home/patrickquinn/.local/share/marathon-apps/terminal/Terminal/qmldir
-- Installing: /home/patrickquinn/.local/share/marathon-apps/terminal/Terminal/terminal-plugin.qmltypes
-- Installing: /home/patrickquinn/.local/share/marathon-apps/terminal/Terminal/libterminal-pluginplugin.so
-- Installing: /home/patrickquinn/.local/share/marathon-apps/terminal/manifest.json
-- Installing: /home/patrickquinn/.local/share/marathon-apps/terminal/assets
-- Installing: /home/patrickquinn/.local/share/marathon-apps/terminal/assets/icon.svg
📝 Adding DO NOT EDIT warning...

✅ All apps built and installed successfully!

⚠️  WARNING: Apps in /home/patrickquinn/.local/share/marathon-apps are installed copies!
   Edit source files in /home/patrickquinn/Developer/Marathon-Shell/apps/ instead

Installed apps:
browser
calculator
calendar
camera
clock
DO_NOT_EDIT_WARNING.txt
gallery
maps
messages
music
notes
phone
settings
terminal

App structure:
  browser/
    ○ Pure QML
    ✓ manifest.json
    ✓ qmldir
  calculator/
    ○ Pure QML
    ✓ manifest.json
  calendar/
    ○ Pure QML
    ✓ manifest.json
    ✓ qmldir
  camera/
    ○ Pure QML
    ✓ manifest.json
    ✓ qmldir
  clock/
    ○ Pure QML
    ✓ manifest.json
    ✓ qmldir
  gallery/
    ○ Pure QML
    ✓ manifest.json
    ✓ qmldir
  maps/
    ○ Pure QML
    ✓ manifest.json
    ✓ qmldir
  messages/
    ○ Pure QML
    ✓ manifest.json
    ✓ qmldir
  music/
    ○ Pure QML
    ✓ manifest.json
    ✓ qmldir
  notes/
    ○ Pure QML
    ✓ manifest.json
    ✓ qmldir
  phone/
    ○ Pure QML
    ✓ manifest.json
    ✓ qmldir
  settings/
    ○ Pure QML
    ✓ manifest.json
    ✓ qmldir
  terminal/
    ✓ C++ plugin found
    ✓ manifest.json

To rebuild a specific app:
  cd /home/patrickquinn/Developer/Marathon-Shell/build-apps && make browser-plugin && cmake --install .

To clean and rebuild all:
  rm -rf /home/patrickquinn/Developer/Marathon-Shell/build-apps && /home/patrickquinn/Developer/Marathon-Shell/scripts/build-apps.sh

============================================
✅ Complete Build Successful!
============================================

To run Marathon Shell:
  ./build/shell/marathon-shell

To rebuild just the shell:
sysctl: cannot stat /proc/sys/hw/ncpu: No such file or directory
  cd build && make -j

To rebuild just the apps:
  ./scripts/build-apps.sh


✅ Complete build successful!

🚀 Starting Marathon Shell...

[2025-10-20 17:48:46.369] [CRITICAL] No root QML objects
